<?xml version="1.0" encoding="UTF-8"?>
<robot generator="Robot 6.0.2 (Python 3.10.6 on linux)" generated="20230427 21:55:01.556" rpa="false" schemaversion="3">
<suite id="s1" name="test AmagiNow vod" source="/home/c-sohans/PycharmProjects/AmagiNow-vodDemo/Test_Suite/test_AmagiNow_vod.robot">
<kw name="Run Keywords" library="BuiltIn" type="SETUP">
<arg>AN_VOD_landing.Navigate to vod end point</arg>
<arg>AND</arg>
<arg>AN_VOD_landing.Enter valid credentials and sign in</arg>
<doc>Executes all the given keywords in a sequence.</doc>
<kw name="Navigate to vod end point" library="AN_VOD_landing">
<kw name="Open Vod End Point" library="OnDemand">
<doc>This is used to open the vod end point</doc>
<kw name="Create Webdriver" library="SeleniumLibrary">
<arg>Chrome</arg>
<arg>${cmn_executable_path_chrome}</arg>
<doc>Creates an instance of Selenium WebDriver.</doc>
<msg timestamp="20230427 21:55:01.714" level="INFO">Creating an instance of the Chrome WebDriver.</msg>
<msg timestamp="20230427 21:55:01.714" level="INFO">Executing: /home/c-sohans/PycharmProjects/AmagiNow-vodDemo/amaginowdemo_env/lib/python3.10/site-packages/selenium/webdriver/common/linux/selenium-manager --browser chrome --output json</msg>
<status status="PASS" starttime="20230427 21:55:01.713" endtime="20230427 21:55:02.604"/>
</kw>
<kw name="Go To" library="SeleniumLibrary">
<arg>${vod_end_point}</arg>
<doc>Navigates the current browser window to the provided ``url``.</doc>
<msg timestamp="20230427 21:55:02.604" level="INFO">Opening url 'https://test.now.amagi.tv/signin'</msg>
<status status="PASS" starttime="20230427 21:55:02.604" endtime="20230427 21:55:13.094"/>
</kw>
<kw name="Maximize Browser Window" library="SeleniumLibrary">
<doc>Maximizes current browser window.</doc>
<status status="PASS" starttime="20230427 21:55:13.094" endtime="20230427 21:55:13.201"/>
</kw>
<kw name="Wait Until Keyword Succeeds" library="BuiltIn">
<arg>60 s</arg>
<arg>1 s</arg>
<arg>SeleniumLibrary.Wait Until Element Is Visible</arg>
<arg>${LOC_INPUT_EMAIL}</arg>
<doc>Runs the specified keyword and retries if it fails.</doc>
<kw name="Wait Until Element Is Visible" library="SeleniumLibrary">
<arg>${LOC_INPUT_EMAIL}</arg>
<doc>Waits until the element ``locator`` is visible.</doc>
<status status="PASS" starttime="20230427 21:55:13.203" endtime="20230427 21:55:13.300"/>
</kw>
<status status="PASS" starttime="20230427 21:55:13.202" endtime="20230427 21:55:13.300"/>
</kw>
<status status="PASS" starttime="20230427 21:55:01.713" endtime="20230427 21:55:13.301"/>
</kw>
<status status="PASS" starttime="20230427 21:55:01.713" endtime="20230427 21:55:13.301"/>
</kw>
<kw name="Enter valid credentials and sign in" library="AN_VOD_landing">
<kw name="Input Email" library="OnDemand">
<arg>${user_email}</arg>
<kw name="Wait Until Element Is Visible" library="SeleniumLibrary">
<arg>${LOC_INPUT_EMAIL}</arg>
<doc>Waits until the element ``locator`` is visible.</doc>
<status status="PASS" starttime="20230427 21:55:13.305" endtime="20230427 21:55:13.377"/>
</kw>
<kw name="Input Text" library="SeleniumLibrary">
<arg>${LOC_INPUT_EMAIL}</arg>
<arg>${user_email}</arg>
<doc>Types the given ``text`` into the text field identified by ``locator``.</doc>
<msg timestamp="20230427 21:55:13.379" level="INFO">Typing text 'c-sohan.s@amagi.com' into text field 'name=email'.</msg>
<status status="PASS" starttime="20230427 21:55:13.377" endtime="20230427 21:55:13.644"/>
</kw>
<status status="PASS" starttime="20230427 21:55:13.303" endtime="20230427 21:55:13.644"/>
</kw>
<kw name="Input Password" library="OnDemand">
<arg>${user_password}</arg>
<kw name="Wait Until Element Is Visible" library="SeleniumLibrary">
<arg>${LOC_INPUT_PASSWORD}</arg>
<doc>Waits until the element ``locator`` is visible.</doc>
<status status="PASS" starttime="20230427 21:55:13.644" endtime="20230427 21:55:13.663"/>
</kw>
<kw name="Input Text" library="SeleniumLibrary">
<arg>${LOC_INPUT_PASSWORD}</arg>
<arg>${user_password}</arg>
<doc>Types the given ``text`` into the text field identified by ``locator``.</doc>
<msg timestamp="20230427 21:55:13.663" level="INFO">Typing text 'User@321' into text field 'id=password'.</msg>
<status status="PASS" starttime="20230427 21:55:13.663" endtime="20230427 21:55:13.771"/>
</kw>
<status status="PASS" starttime="20230427 21:55:13.644" endtime="20230427 21:55:13.771"/>
</kw>
<kw name="Input Domain" library="OnDemand">
<arg>${user_domain}</arg>
<kw name="Wait Until Element Is Visible" library="SeleniumLibrary">
<arg>${LOC_INPUT_DOMAIN}</arg>
<doc>Waits until the element ``locator`` is visible.</doc>
<status status="PASS" starttime="20230427 21:55:13.772" endtime="20230427 21:55:13.792"/>
</kw>
<kw name="Input Text" library="SeleniumLibrary">
<arg>${LOC_INPUT_DOMAIN}</arg>
<arg>${user_domain}</arg>
<doc>Types the given ``text`` into the text field identified by ``locator``.</doc>
<msg timestamp="20230427 21:55:13.792" level="INFO">Typing text 'vod_test_o' into text field 'id=domain_name'.</msg>
<status status="PASS" starttime="20230427 21:55:13.792" endtime="20230427 21:55:13.902"/>
</kw>
<status status="PASS" starttime="20230427 21:55:13.771" endtime="20230427 21:55:13.903"/>
</kw>
<kw name="Click Signin" library="OnDemand">
<doc>This is to validate user login</doc>
<kw name="Wait Until Element Is Visible" library="SeleniumLibrary">
<arg>${LOC_SIGNIN_BTN}</arg>
<doc>Waits until the element ``locator`` is visible.</doc>
<status status="PASS" starttime="20230427 21:55:13.903" endtime="20230427 21:55:13.922"/>
</kw>
<kw name="Click Element" library="SeleniumLibrary">
<arg>${LOC_SIGNIN_BTN}</arg>
<doc>Click the element identified by ``locator``.</doc>
<msg timestamp="20230427 21:55:13.923" level="INFO">Clicking element 'xpath=//button[@type='submit']'.</msg>
<status status="PASS" starttime="20230427 21:55:13.922" endtime="20230427 21:55:13.972"/>
</kw>
<kw name="Wait Until Keyword Succeeds" library="BuiltIn">
<arg>60 s</arg>
<arg>1 s</arg>
<arg>SeleniumLibrary.Wait Until Element Is Visible</arg>
<arg>${LOC_WELCOME_MSG}</arg>
<doc>Runs the specified keyword and retries if it fails.</doc>
<kw name="Wait Until Element Is Visible" library="SeleniumLibrary">
<arg>${LOC_WELCOME_MSG}</arg>
<doc>Waits until the element ``locator`` is visible.</doc>
<msg timestamp="20230427 21:55:21.723" level="INFO" html="true">&lt;/td&gt;&lt;/tr&gt;&lt;tr&gt;&lt;td colspan="3"&gt;&lt;a href="selenium-screenshot-19.png"&gt;&lt;img src="selenium-screenshot-19.png" width="800px"&gt;&lt;/a&gt;</msg>
<msg timestamp="20230427 21:55:21.723" level="FAIL">Element 'xpath=//div[text()='Welcome to Amagi Now!']' not visible after 5 seconds.</msg>
<status status="FAIL" starttime="20230427 21:55:13.973" endtime="20230427 21:55:21.724"/>
</kw>
<kw name="Wait Until Element Is Visible" library="SeleniumLibrary">
<arg>${LOC_WELCOME_MSG}</arg>
<doc>Waits until the element ``locator`` is visible.</doc>
<status status="PASS" starttime="20230427 21:55:22.725" endtime="20230427 21:55:23.230"/>
</kw>
<status status="PASS" starttime="20230427 21:55:13.972" endtime="20230427 21:55:23.230"/>
</kw>
<kw name="Click Button" library="SeleniumLibrary">
<arg>${LOC_GOTIT_BTN}</arg>
<doc>Clicks the button identified by ``locator``.</doc>
<msg timestamp="20230427 21:55:23.231" level="INFO">Clicking button 'xpath=//button[@class='now-MuiButtonBase-root now-MuiButton-root now-MuiButton-outlined now-now27 now-now23 now-MuiButton-outlinedPrimary']'.</msg>
<status status="PASS" starttime="20230427 21:55:23.230" endtime="20230427 21:55:23.285"/>
</kw>
<kw name="Log" library="BuiltIn">
<arg>Login successful</arg>
<doc>Logs the given message with the given level.</doc>
<msg timestamp="20230427 21:55:23.286" level="INFO">Login successful</msg>
<status status="PASS" starttime="20230427 21:55:23.285" endtime="20230427 21:55:23.286"/>
</kw>
<status status="PASS" starttime="20230427 21:55:13.903" endtime="20230427 21:55:23.286"/>
</kw>
<status status="PASS" starttime="20230427 21:55:13.302" endtime="20230427 21:55:23.286"/>
</kw>
<status status="PASS" starttime="20230427 21:55:01.713" endtime="20230427 21:55:23.286"/>
</kw>
<test id="s1-t1" name="TC_01 Navigate to the OnDemand" line="10">
<kw name="Click on OnDemand module" library="AN_VOD_home">
<kw name="Navigate to OnDemand Module" library="OnDemand">
<doc>This is to validate ondemand module</doc>
<kw name="Wait Until Keyword Succeeds" library="BuiltIn">
<arg>60 s</arg>
<arg>1 s</arg>
<arg>SeleniumLibrary.Click Element</arg>
<arg>${LOC_ONDEMAND_TAB}</arg>
<doc>Runs the specified keyword and retries if it fails.</doc>
<kw name="Click Element" library="SeleniumLibrary">
<arg>${LOC_ONDEMAND_TAB}</arg>
<doc>Click the element identified by ``locator``.</doc>
<msg timestamp="20230427 21:55:23.289" level="INFO">Clicking element 'xpath=//div[text()='On Demand']'.</msg>
<msg timestamp="20230427 21:55:23.448" level="INFO" html="true">&lt;/td&gt;&lt;/tr&gt;&lt;tr&gt;&lt;td colspan="3"&gt;&lt;a href="selenium-screenshot-20.png"&gt;&lt;img src="selenium-screenshot-20.png" width="800px"&gt;&lt;/a&gt;</msg>
<msg timestamp="20230427 21:55:23.448" level="FAIL">Element with locator 'xpath=//div[text()='On Demand']' not found.</msg>
<status status="FAIL" starttime="20230427 21:55:23.288" endtime="20230427 21:55:23.448"/>
</kw>
<kw name="Click Element" library="SeleniumLibrary">
<arg>${LOC_ONDEMAND_TAB}</arg>
<doc>Click the element identified by ``locator``.</doc>
<msg timestamp="20230427 21:55:24.452" level="INFO">Clicking element 'xpath=//div[text()='On Demand']'.</msg>
<msg timestamp="20230427 21:55:25.855" level="INFO" html="true">&lt;/td&gt;&lt;/tr&gt;&lt;tr&gt;&lt;td colspan="3"&gt;&lt;a href="selenium-screenshot-21.png"&gt;&lt;img src="selenium-screenshot-21.png" width="800px"&gt;&lt;/a&gt;</msg>
<msg timestamp="20230427 21:55:25.856" level="FAIL">ElementClickInterceptedException: Message: element click intercepted: Element &lt;div class="now-now52" data-testid="header-on-demand-el"&gt;...&lt;/div&gt; is not clickable at point (732, 28). Other element would receive the click: &lt;div aria-hidden="true" style="z-index: -1; position: fixed; inset: 0px; background-color: rgba(0, 0, 0, 0.5); -webkit-tap-highlight-color: transparent;"&gt;&lt;/div&gt;
  (Session info: chrome=112.0.5615.165)
Stacktrace:
#0 0x56278b691fe3 &lt;unknown&gt;
#1 0x56278b3d0d36 &lt;unknown&gt;
#2 0x56278b414aef &lt;unknown&gt;
#3 0x56278b412a31 &lt;unknown&gt;
#4 0x56278b4102de &lt;unknown&gt;
#5 0x56278b40f358 &lt;unknown&gt;
#6 0x56278b4030c5 &lt;unknown&gt;
#7 0x56278b42e8c2 &lt;unknown&gt;
#8 0x56278b402943 &lt;unknown&gt;
#9 0x56278b42ea8e &lt;unknown&gt;
#10 0x56278b447232 &lt;unknown&gt;
#11 0x56278b42e693 &lt;unknown&gt;
#12 0x56278b40103a &lt;unknown&gt;
#13 0x56278b40217e &lt;unknown&gt;
#14 0x56278b653dbd &lt;unknown&gt;
#15 0x56278b657c6c &lt;unknown&gt;
#16 0x56278b6614b0 &lt;unknown&gt;
#17 0x56278b658d63 &lt;unknown&gt;
#18 0x56278b62bc35 &lt;unknown&gt;
#19 0x56278b67c138 &lt;unknown&gt;
#20 0x56278b67c2c7 &lt;unknown&gt;
#21 0x56278b68a093 &lt;unknown&gt;
#22 0x7f5606894b43 &lt;unknown&gt;
</msg>
<status status="FAIL" starttime="20230427 21:55:24.449" endtime="20230427 21:55:25.856"/>
</kw>
<kw name="Click Element" library="SeleniumLibrary">
<arg>${LOC_ONDEMAND_TAB}</arg>
<doc>Click the element identified by ``locator``.</doc>
<msg timestamp="20230427 21:55:26.859" level="INFO">Clicking element 'xpath=//div[text()='On Demand']'.</msg>
<status status="PASS" starttime="20230427 21:55:26.857" endtime="20230427 21:55:26.968"/>
</kw>
<status status="PASS" starttime="20230427 21:55:23.288" endtime="20230427 21:55:26.968"/>
</kw>
<kw name="Wait Until Location Contains" library="SeleniumLibrary">
<arg>https://vod_test_o.test.now.amagi.tv/now/on-demand/delivery</arg>
<doc>Waits until the current URL contains ``expected``.</doc>
<status status="PASS" starttime="20230427 21:55:26.968" endtime="20230427 21:55:27.391"/>
</kw>
<kw name="Wait Until Element Is Visible" library="SeleniumLibrary">
<arg>xpath=//div[.='Create Delivery']</arg>
<doc>Waits until the element ``locator`` is visible.</doc>
<status status="PASS" starttime="20230427 21:55:27.391" endtime="20230427 21:55:31.702"/>
</kw>
<kw name="Page Should Contain Element" library="SeleniumLibrary">
<arg>xpath=//div[.='Create Delivery']</arg>
<doc>Verifies that element ``locator`` is found on the current page.</doc>
<msg timestamp="20230427 21:55:31.710" level="INFO">Current page contains element 'xpath=//div[.='Create Delivery']'.</msg>
<status status="PASS" starttime="20230427 21:55:31.703" endtime="20230427 21:55:31.710"/>
</kw>
<status status="PASS" starttime="20230427 21:55:23.287" endtime="20230427 21:55:31.710"/>
</kw>
<status status="PASS" starttime="20230427 21:55:23.287" endtime="20230427 21:55:31.710"/>
</kw>
<doc>Test case 1</doc>
<status status="PASS" starttime="20230427 21:55:23.286" endtime="20230427 21:55:31.710"/>
</test>
<kw name="Close All Browsers" library="SeleniumLibrary" type="TEARDOWN">
<doc>Closes all open browsers and resets the browser cache.</doc>
<status status="PASS" starttime="20230427 21:55:31.711" endtime="20230427 21:55:31.772"/>
</kw>
<status status="PASS" starttime="20230427 21:55:01.557" endtime="20230427 21:55:31.772"/>
</suite>
<statistics>
<total>
<stat pass="1" fail="0" skip="0">All Tests</stat>
</total>
<tag>
</tag>
<suite>
<stat pass="1" fail="0" skip="0" id="s1" name="test AmagiNow vod">test AmagiNow vod</stat>
</suite>
</statistics>
<errors>
</errors>
</robot>
