<?xml version="1.0" encoding="UTF-8"?>
<robot generator="Robot 6.0.2 (Python 3.10.6 on linux)" generated="20230427 22:20:53.611" rpa="false" schemaversion="3">
<suite id="s1" name="test AmagiNow vod" source="/home/c-sohans/PycharmProjects/AmagiNow-vodDemo/Test_Suite/test_AmagiNow_vod.robot">
<kw name="Run Keywords" library="BuiltIn" type="SETUP">
<arg>AN_VOD_landing.Navigate to vod end point</arg>
<arg>AND</arg>
<arg>AN_VOD_landing.Enter valid credentials and sign in</arg>
<doc>Executes all the given keywords in a sequence.</doc>
<kw name="Navigate to vod end point" library="AN_VOD_landing">
<kw name="Open Vod End Point" library="OnDemand">
<doc>This is used to open the vod end point</doc>
<kw name="Create Webdriver" library="SeleniumLibrary">
<arg>Chrome</arg>
<arg>${cmn_executable_path_chrome}</arg>
<doc>Creates an instance of Selenium WebDriver.</doc>
<msg timestamp="20230427 22:20:53.764" level="INFO">Creating an instance of the Chrome WebDriver.</msg>
<msg timestamp="20230427 22:20:53.765" level="INFO">Executing: /home/c-sohans/PycharmProjects/AmagiNow-vodDemo/amaginowdemo_env/lib/python3.10/site-packages/selenium/webdriver/common/linux/selenium-manager --browser chrome --output json</msg>
<status status="PASS" starttime="20230427 22:20:53.764" endtime="20230427 22:20:54.659"/>
</kw>
<kw name="Go To" library="SeleniumLibrary">
<arg>${vod_end_point}</arg>
<doc>Navigates the current browser window to the provided ``url``.</doc>
<msg timestamp="20230427 22:20:54.660" level="INFO">Opening url 'https://test.now.amagi.tv/signin'</msg>
<status status="PASS" starttime="20230427 22:20:54.659" endtime="20230427 22:21:04.270"/>
</kw>
<kw name="Maximize Browser Window" library="SeleniumLibrary">
<doc>Maximizes current browser window.</doc>
<status status="PASS" starttime="20230427 22:21:04.270" endtime="20230427 22:21:04.383"/>
</kw>
<kw name="Wait Until Keyword Succeeds" library="BuiltIn">
<arg>60 s</arg>
<arg>1 s</arg>
<arg>SeleniumLibrary.Wait Until Element Is Visible</arg>
<arg>${LOC_INPUT_EMAIL}</arg>
<doc>Runs the specified keyword and retries if it fails.</doc>
<kw name="Wait Until Element Is Visible" library="SeleniumLibrary">
<arg>${LOC_INPUT_EMAIL}</arg>
<doc>Waits until the element ``locator`` is visible.</doc>
<status status="PASS" starttime="20230427 22:21:04.385" endtime="20230427 22:21:04.483"/>
</kw>
<status status="PASS" starttime="20230427 22:21:04.384" endtime="20230427 22:21:04.483"/>
</kw>
<status status="PASS" starttime="20230427 22:20:53.764" endtime="20230427 22:21:04.484"/>
</kw>
<status status="PASS" starttime="20230427 22:20:53.763" endtime="20230427 22:21:04.484"/>
</kw>
<kw name="Enter valid credentials and sign in" library="AN_VOD_landing">
<kw name="Input Email" library="OnDemand">
<arg>${user_email}</arg>
<kw name="Wait Until Element Is Visible" library="SeleniumLibrary">
<arg>${LOC_INPUT_EMAIL}</arg>
<doc>Waits until the element ``locator`` is visible.</doc>
<status status="PASS" starttime="20230427 22:21:04.488" endtime="20230427 22:21:04.554"/>
</kw>
<kw name="Input Text" library="SeleniumLibrary">
<arg>${LOC_INPUT_EMAIL}</arg>
<arg>${user_email}</arg>
<doc>Types the given ``text`` into the text field identified by ``locator``.</doc>
<msg timestamp="20230427 22:21:04.557" level="INFO">Typing text 'c-sohan.s@amagi.com' into text field 'name=email'.</msg>
<status status="PASS" starttime="20230427 22:21:04.555" endtime="20230427 22:21:04.785"/>
</kw>
<status status="PASS" starttime="20230427 22:21:04.486" endtime="20230427 22:21:04.785"/>
</kw>
<kw name="Input Password" library="OnDemand">
<arg>${user_password}</arg>
<kw name="Wait Until Element Is Visible" library="SeleniumLibrary">
<arg>${LOC_INPUT_PASSWORD}</arg>
<doc>Waits until the element ``locator`` is visible.</doc>
<status status="PASS" starttime="20230427 22:21:04.786" endtime="20230427 22:21:04.806"/>
</kw>
<kw name="Input Text" library="SeleniumLibrary">
<arg>${LOC_INPUT_PASSWORD}</arg>
<arg>${user_password}</arg>
<doc>Types the given ``text`` into the text field identified by ``locator``.</doc>
<msg timestamp="20230427 22:21:04.807" level="INFO">Typing text 'User@321' into text field 'id=password'.</msg>
<status status="PASS" starttime="20230427 22:21:04.806" endtime="20230427 22:21:04.919"/>
</kw>
<status status="PASS" starttime="20230427 22:21:04.785" endtime="20230427 22:21:04.920"/>
</kw>
<kw name="Input Domain" library="OnDemand">
<arg>${user_domain}</arg>
<kw name="Wait Until Element Is Visible" library="SeleniumLibrary">
<arg>${LOC_INPUT_DOMAIN}</arg>
<doc>Waits until the element ``locator`` is visible.</doc>
<status status="PASS" starttime="20230427 22:21:04.921" endtime="20230427 22:21:04.941"/>
</kw>
<kw name="Input Text" library="SeleniumLibrary">
<arg>${LOC_INPUT_DOMAIN}</arg>
<arg>${user_domain}</arg>
<doc>Types the given ``text`` into the text field identified by ``locator``.</doc>
<msg timestamp="20230427 22:21:04.942" level="INFO">Typing text 'vod_test_o' into text field 'id=domain_name'.</msg>
<status status="PASS" starttime="20230427 22:21:04.941" endtime="20230427 22:21:05.060"/>
</kw>
<status status="PASS" starttime="20230427 22:21:04.920" endtime="20230427 22:21:05.060"/>
</kw>
<kw name="Click Signin" library="OnDemand">
<doc>This is to validate user login</doc>
<kw name="Wait Until Element Is Visible" library="SeleniumLibrary">
<arg>${LOC_SIGNIN_BTN}</arg>
<doc>Waits until the element ``locator`` is visible.</doc>
<status status="PASS" starttime="20230427 22:21:05.061" endtime="20230427 22:21:05.082"/>
</kw>
<kw name="Click Element" library="SeleniumLibrary">
<arg>${LOC_SIGNIN_BTN}</arg>
<doc>Click the element identified by ``locator``.</doc>
<msg timestamp="20230427 22:21:05.082" level="INFO">Clicking element 'xpath=//button[@type='submit']'.</msg>
<status status="PASS" starttime="20230427 22:21:05.082" endtime="20230427 22:21:05.131"/>
</kw>
<kw name="Wait Until Keyword Succeeds" library="BuiltIn">
<arg>60 s</arg>
<arg>1 s</arg>
<arg>SeleniumLibrary.Wait Until Element Is Visible</arg>
<arg>${LOC_WELCOME_MSG}</arg>
<doc>Runs the specified keyword and retries if it fails.</doc>
<kw name="Wait Until Element Is Visible" library="SeleniumLibrary">
<arg>${LOC_WELCOME_MSG}</arg>
<doc>Waits until the element ``locator`` is visible.</doc>
<msg timestamp="20230427 22:21:12.496" level="INFO" html="true">&lt;/td&gt;&lt;/tr&gt;&lt;tr&gt;&lt;td colspan="3"&gt;&lt;a href="selenium-screenshot-1.png"&gt;&lt;img src="selenium-screenshot-1.png" width="800px"&gt;&lt;/a&gt;</msg>
<msg timestamp="20230427 22:21:12.496" level="FAIL">Element 'xpath=//div[text()='Welcome to Amagi Now!']' not visible after 5 seconds.</msg>
<status status="FAIL" starttime="20230427 22:21:05.132" endtime="20230427 22:21:12.497"/>
</kw>
<kw name="Wait Until Element Is Visible" library="SeleniumLibrary">
<arg>${LOC_WELCOME_MSG}</arg>
<doc>Waits until the element ``locator`` is visible.</doc>
<status status="PASS" starttime="20230427 22:21:13.498" endtime="20230427 22:21:14.200"/>
</kw>
<status status="PASS" starttime="20230427 22:21:05.131" endtime="20230427 22:21:14.200"/>
</kw>
<kw name="Click Button" library="SeleniumLibrary">
<arg>${LOC_GOTIT_BTN}</arg>
<doc>Clicks the button identified by ``locator``.</doc>
<msg timestamp="20230427 22:21:14.201" level="INFO">Clicking button 'xpath=//button[@class='now-MuiButtonBase-root now-MuiButton-root now-MuiButton-outlined now-now27 now-now23 now-MuiButton-outlinedPrimary']'.</msg>
<status status="PASS" starttime="20230427 22:21:14.200" endtime="20230427 22:21:14.266"/>
</kw>
<kw name="Log" library="BuiltIn">
<arg>Login successful</arg>
<doc>Logs the given message with the given level.</doc>
<msg timestamp="20230427 22:21:14.267" level="INFO">Login successful</msg>
<status status="PASS" starttime="20230427 22:21:14.266" endtime="20230427 22:21:14.267"/>
</kw>
<status status="PASS" starttime="20230427 22:21:05.061" endtime="20230427 22:21:14.267"/>
</kw>
<status status="PASS" starttime="20230427 22:21:04.485" endtime="20230427 22:21:14.267"/>
</kw>
<status status="PASS" starttime="20230427 22:20:53.763" endtime="20230427 22:21:14.267"/>
</kw>
<test id="s1-t1" name="TC_01 Navigate to the OnDemand" line="10">
<kw name="Click on OnDemand module" library="AN_VOD_home">
<kw name="Navigate to OnDemand Module" library="OnDemand">
<doc>This is to validate ondemand module</doc>
<kw name="Wait Until Keyword Succeeds" library="BuiltIn">
<arg>60 s</arg>
<arg>1 s</arg>
<arg>SeleniumLibrary.Click Element</arg>
<arg>${LOC_ONDEMAND_TAB}</arg>
<doc>Runs the specified keyword and retries if it fails.</doc>
<kw name="Click Element" library="SeleniumLibrary">
<arg>${LOC_ONDEMAND_TAB}</arg>
<doc>Click the element identified by ``locator``.</doc>
<msg timestamp="20230427 22:21:14.270" level="INFO">Clicking element 'xpath=//div[text()='On Demand']'.</msg>
<msg timestamp="20230427 22:21:14.450" level="INFO" html="true">&lt;/td&gt;&lt;/tr&gt;&lt;tr&gt;&lt;td colspan="3"&gt;&lt;a href="selenium-screenshot-2.png"&gt;&lt;img src="selenium-screenshot-2.png" width="800px"&gt;&lt;/a&gt;</msg>
<msg timestamp="20230427 22:21:14.450" level="FAIL">Element with locator 'xpath=//div[text()='On Demand']' not found.</msg>
<status status="FAIL" starttime="20230427 22:21:14.268" endtime="20230427 22:21:14.451"/>
</kw>
<kw name="Click Element" library="SeleniumLibrary">
<arg>${LOC_ONDEMAND_TAB}</arg>
<doc>Click the element identified by ``locator``.</doc>
<msg timestamp="20230427 22:21:15.454" level="INFO">Clicking element 'xpath=//div[text()='On Demand']'.</msg>
<status status="PASS" starttime="20230427 22:21:15.452" endtime="20230427 22:21:15.718"/>
</kw>
<status status="PASS" starttime="20230427 22:21:14.268" endtime="20230427 22:21:15.718"/>
</kw>
<kw name="Wait Until Location Contains" library="SeleniumLibrary">
<arg>${DELIVERY_PAGE_URL}</arg>
<doc>Waits until the current URL contains ``expected``.</doc>
<status status="PASS" starttime="20230427 22:21:15.718" endtime="20230427 22:21:15.980"/>
</kw>
<kw name="Wait Until Element Is Visible" library="SeleniumLibrary">
<arg>${LOC_DELIVERY_BTN}</arg>
<arg>10s</arg>
<doc>Waits until the element ``locator`` is visible.</doc>
<status status="PASS" starttime="20230427 22:21:15.980" endtime="20230427 22:21:18.968"/>
</kw>
<kw name="Page Should Contain Element" library="SeleniumLibrary">
<arg>${LOC_DELIVERY_BTN}</arg>
<arg>10s</arg>
<doc>Verifies that element ``locator`` is found on the current page.</doc>
<msg timestamp="20230427 22:21:18.976" level="INFO">Current page contains element 'xpath=//div[.='Create Delivery']'.</msg>
<status status="PASS" starttime="20230427 22:21:18.968" endtime="20230427 22:21:18.976"/>
</kw>
<status status="PASS" starttime="20230427 22:21:14.268" endtime="20230427 22:21:18.976"/>
</kw>
<status status="PASS" starttime="20230427 22:21:14.268" endtime="20230427 22:21:18.977"/>
</kw>
<doc>Test case 1</doc>
<status status="PASS" starttime="20230427 22:21:14.267" endtime="20230427 22:21:18.977"/>
</test>
<test id="s1-t2" name="TC_01 Validate the Create Delivery button in OnDemand module" line="14">
<kw name="Click on Create Delivery button" library="AN_VOD_home">
<kw name="Navigate to OnDemand Module" library="OnDemand">
<doc>This is to validate ondemand module</doc>
<kw name="Wait Until Keyword Succeeds" library="BuiltIn">
<arg>60 s</arg>
<arg>1 s</arg>
<arg>SeleniumLibrary.Click Element</arg>
<arg>${LOC_ONDEMAND_TAB}</arg>
<doc>Runs the specified keyword and retries if it fails.</doc>
<kw name="Click Element" library="SeleniumLibrary">
<arg>${LOC_ONDEMAND_TAB}</arg>
<doc>Click the element identified by ``locator``.</doc>
<msg timestamp="20230427 22:21:18.979" level="INFO">Clicking element 'xpath=//div[text()='On Demand']'.</msg>
<status status="PASS" starttime="20230427 22:21:18.978" endtime="20230427 22:21:19.074"/>
</kw>
<status status="PASS" starttime="20230427 22:21:18.978" endtime="20230427 22:21:19.074"/>
</kw>
<kw name="Wait Until Location Contains" library="SeleniumLibrary">
<arg>${DELIVERY_PAGE_URL}</arg>
<doc>Waits until the current URL contains ``expected``.</doc>
<status status="PASS" starttime="20230427 22:21:19.075" endtime="20230427 22:21:19.086"/>
</kw>
<kw name="Wait Until Element Is Visible" library="SeleniumLibrary">
<arg>${LOC_DELIVERY_BTN}</arg>
<arg>10s</arg>
<doc>Waits until the element ``locator`` is visible.</doc>
<status status="PASS" starttime="20230427 22:21:19.087" endtime="20230427 22:21:19.106"/>
</kw>
<kw name="Page Should Contain Element" library="SeleniumLibrary">
<arg>${LOC_DELIVERY_BTN}</arg>
<arg>10s</arg>
<doc>Verifies that element ``locator`` is found on the current page.</doc>
<msg timestamp="20230427 22:21:19.113" level="INFO">Current page contains element 'xpath=//div[.='Create Delivery']'.</msg>
<status status="PASS" starttime="20230427 22:21:19.107" endtime="20230427 22:21:19.113"/>
</kw>
<status status="PASS" starttime="20230427 22:21:18.978" endtime="20230427 22:21:19.113"/>
</kw>
<kw name="Validate 'Create Delivery' drop down" library="OnDemand">
<doc>This is to validate Create Delivery button</doc>
<kw name="Click Element" library="SeleniumLibrary">
<arg>${LOC_DELIVERY_BTN}</arg>
<doc>Click the element identified by ``locator``.</doc>
<msg timestamp="20230427 22:21:19.114" level="INFO">Clicking element 'xpath=//div[.='Create Delivery']'.</msg>
<status status="PASS" starttime="20230427 22:21:19.114" endtime="20230427 22:21:19.156"/>
</kw>
<kw name="Wait Until Keyword Succeeds" library="BuiltIn">
<arg>60 s</arg>
<arg>1 s</arg>
<arg>seleniumlibrary.wait until element is visible</arg>
<arg>${LOC_SELF_SERVE_DELIVERY_BTN}</arg>
<doc>Runs the specified keyword and retries if it fails.</doc>
<kw name="Wait Until Element Is Visible" library="SeleniumLibrary">
<arg>${LOC_SELF_SERVE_DELIVERY_BTN}</arg>
<doc>Waits until the element ``locator`` is visible.</doc>
<status status="PASS" starttime="20230427 22:21:19.156" endtime="20230427 22:21:19.450"/>
</kw>
<status status="PASS" starttime="20230427 22:21:19.156" endtime="20230427 22:21:19.450"/>
</kw>
<kw name="Wait Until Element Is Visible" library="SeleniumLibrary">
<arg>${LOC_RULE_BASED_DELIVERY_BTN}</arg>
<doc>Waits until the element ``locator`` is visible.</doc>
<status status="PASS" starttime="20230427 22:21:19.451" endtime="20230427 22:21:19.544"/>
</kw>
<status status="PASS" starttime="20230427 22:21:19.114" endtime="20230427 22:21:19.545"/>
</kw>
<status status="PASS" starttime="20230427 22:21:18.977" endtime="20230427 22:21:19.545"/>
</kw>
<doc>Test case 2</doc>
<status status="PASS" starttime="20230427 22:21:18.977" endtime="20230427 22:21:19.546"/>
</test>
<kw name="Close All Browsers" library="SeleniumLibrary" type="TEARDOWN">
<doc>Closes all open browsers and resets the browser cache.</doc>
<status status="PASS" starttime="20230427 22:21:19.548" endtime="20230427 22:21:19.648"/>
</kw>
<status status="PASS" starttime="20230427 22:20:53.612" endtime="20230427 22:21:19.648"/>
</suite>
<statistics>
<total>
<stat pass="2" fail="0" skip="0">All Tests</stat>
</total>
<tag>
</tag>
<suite>
<stat pass="2" fail="0" skip="0" id="s1" name="test AmagiNow vod">test AmagiNow vod</stat>
</suite>
</statistics>
<errors>
</errors>
</robot>
