<?xml version="1.0" encoding="UTF-8"?>
<robot generator="Robot 6.0.2 (Python 3.10.6 on linux)" generated="20230502 09:59:34.364" rpa="false" schemaversion="3">
<suite id="s1" name="test AmagiNow vod" source="/home/c-sohans/PycharmProjects/AmagiNow-vodDemo/Test_Suite/test_AmagiNow_vod.robot">
<kw name="Run Keywords" library="BuiltIn" type="SETUP">
<arg>AN_VOD_landing.Navigate to vod end point</arg>
<arg>AND</arg>
<arg>AN_VOD_landing.Enter valid credentials and sign in</arg>
<doc>Executes all the given keywords in a sequence.</doc>
<kw name="Navigate to vod end point" library="AN_VOD_landing">
<kw name="Open Vod End Point" library="OnDemand">
<doc>This is used to open the vod end point</doc>
<kw name="Create Webdriver" library="SeleniumLibrary">
<arg>Chrome</arg>
<arg>${cmn_executable_path_chrome}</arg>
<doc>Creates an instance of Selenium WebDriver.</doc>
<msg timestamp="20230502 09:59:34.503" level="INFO">Creating an instance of the Chrome WebDriver.</msg>
<msg timestamp="20230502 09:59:34.503" level="INFO">Executing: /home/c-sohans/PycharmProjects/AmagiNow-vodDemo/amaginowdemo_env/lib/python3.10/site-packages/selenium/webdriver/common/linux/selenium-manager --browser chrome --output json</msg>
<status status="PASS" starttime="20230502 09:59:34.502" endtime="20230502 09:59:35.314"/>
</kw>
<kw name="Go To" library="SeleniumLibrary">
<arg>${vod_end_point}</arg>
<doc>Navigates the current browser window to the provided ``url``.</doc>
<msg timestamp="20230502 09:59:35.314" level="INFO">Opening url 'https://test.now.amagi.tv/signin'</msg>
<status status="PASS" starttime="20230502 09:59:35.314" endtime="20230502 09:59:40.244"/>
</kw>
<kw name="Maximize Browser Window" library="SeleniumLibrary">
<doc>Maximizes current browser window.</doc>
<status status="PASS" starttime="20230502 09:59:40.245" endtime="20230502 09:59:40.351"/>
</kw>
<kw name="Wait Until Keyword Succeeds" library="BuiltIn">
<arg>60 s</arg>
<arg>1 s</arg>
<arg>SeleniumLibrary.Wait Until Element Is Visible</arg>
<arg>${LOC_INPUT_EMAIL}</arg>
<doc>Runs the specified keyword and retries if it fails.</doc>
<kw name="Wait Until Element Is Visible" library="SeleniumLibrary">
<arg>${LOC_INPUT_EMAIL}</arg>
<doc>Waits until the element ``locator`` is visible.</doc>
<status status="PASS" starttime="20230502 09:59:40.353" endtime="20230502 09:59:40.429"/>
</kw>
<status status="PASS" starttime="20230502 09:59:40.352" endtime="20230502 09:59:40.429"/>
</kw>
<status status="PASS" starttime="20230502 09:59:34.502" endtime="20230502 09:59:40.430"/>
</kw>
<status status="PASS" starttime="20230502 09:59:34.502" endtime="20230502 09:59:40.430"/>
</kw>
<kw name="Enter valid credentials and sign in" library="AN_VOD_landing">
<kw name="Input Email" library="OnDemand">
<arg>${user_email}</arg>
<kw name="Wait Until Element Is Visible" library="SeleniumLibrary">
<arg>${LOC_INPUT_EMAIL}</arg>
<doc>Waits until the element ``locator`` is visible.</doc>
<status status="PASS" starttime="20230502 09:59:40.431" endtime="20230502 09:59:40.452"/>
</kw>
<kw name="Input Text" library="SeleniumLibrary">
<arg>${LOC_INPUT_EMAIL}</arg>
<arg>${user_email}</arg>
<doc>Types the given ``text`` into the text field identified by ``locator``.</doc>
<msg timestamp="20230502 09:59:40.452" level="INFO">Typing text 'c-sohan.s@amagi.com' into text field 'name=email'.</msg>
<status status="PASS" starttime="20230502 09:59:40.452" endtime="20230502 09:59:40.595"/>
</kw>
<status status="PASS" starttime="20230502 09:59:40.431" endtime="20230502 09:59:40.595"/>
</kw>
<kw name="Input Password" library="OnDemand">
<arg>${user_password}</arg>
<kw name="Wait Until Element Is Visible" library="SeleniumLibrary">
<arg>${LOC_INPUT_PASSWORD}</arg>
<doc>Waits until the element ``locator`` is visible.</doc>
<status status="PASS" starttime="20230502 09:59:40.595" endtime="20230502 09:59:40.613"/>
</kw>
<kw name="Input Text" library="SeleniumLibrary">
<arg>${LOC_INPUT_PASSWORD}</arg>
<arg>${user_password}</arg>
<doc>Types the given ``text`` into the text field identified by ``locator``.</doc>
<msg timestamp="20230502 09:59:40.614" level="INFO">Typing text 'User@321' into text field 'id=password'.</msg>
<status status="PASS" starttime="20230502 09:59:40.613" endtime="20230502 09:59:40.714"/>
</kw>
<status status="PASS" starttime="20230502 09:59:40.595" endtime="20230502 09:59:40.714"/>
</kw>
<kw name="Input Domain" library="OnDemand">
<arg>${user_domain}</arg>
<kw name="Wait Until Element Is Visible" library="SeleniumLibrary">
<arg>${LOC_INPUT_DOMAIN}</arg>
<doc>Waits until the element ``locator`` is visible.</doc>
<status status="PASS" starttime="20230502 09:59:40.715" endtime="20230502 09:59:40.732"/>
</kw>
<kw name="Input Text" library="SeleniumLibrary">
<arg>${LOC_INPUT_DOMAIN}</arg>
<arg>${user_domain}</arg>
<doc>Types the given ``text`` into the text field identified by ``locator``.</doc>
<msg timestamp="20230502 09:59:40.733" level="INFO">Typing text 'vod_test_o' into text field 'id=domain_name'.</msg>
<status status="PASS" starttime="20230502 09:59:40.732" endtime="20230502 09:59:40.830"/>
</kw>
<status status="PASS" starttime="20230502 09:59:40.714" endtime="20230502 09:59:40.830"/>
</kw>
<kw name="Click Signin" library="OnDemand">
<doc>This is to validate user login</doc>
<kw name="Wait Until Element Is Visible" library="SeleniumLibrary">
<arg>${LOC_SIGNIN_BTN}</arg>
<doc>Waits until the element ``locator`` is visible.</doc>
<status status="PASS" starttime="20230502 09:59:40.831" endtime="20230502 09:59:40.848"/>
</kw>
<kw name="Click Element" library="SeleniumLibrary">
<arg>${LOC_SIGNIN_BTN}</arg>
<doc>Click the element identified by ``locator``.</doc>
<msg timestamp="20230502 09:59:40.849" level="INFO">Clicking element 'xpath=//button[@type='submit']'.</msg>
<status status="PASS" starttime="20230502 09:59:40.849" endtime="20230502 09:59:40.893"/>
</kw>
<kw name="Wait Until Keyword Succeeds" library="BuiltIn">
<arg>60 s</arg>
<arg>1 s</arg>
<arg>SeleniumLibrary.Wait Until Element Is Visible</arg>
<arg>${LOC_WELCOME_MSG}</arg>
<doc>Runs the specified keyword and retries if it fails.</doc>
<kw name="Wait Until Element Is Visible" library="SeleniumLibrary">
<arg>${LOC_WELCOME_MSG}</arg>
<doc>Waits until the element ``locator`` is visible.</doc>
<msg timestamp="20230502 09:59:48.355" level="INFO" html="true">&lt;/td&gt;&lt;/tr&gt;&lt;tr&gt;&lt;td colspan="3"&gt;&lt;a href="selenium-screenshot-14.png"&gt;&lt;img src="selenium-screenshot-14.png" width="800px"&gt;&lt;/a&gt;</msg>
<msg timestamp="20230502 09:59:48.355" level="FAIL">Element 'xpath=//div[text()='Welcome to Amagi Now!']' not visible after 5 seconds.</msg>
<status status="FAIL" starttime="20230502 09:59:40.894" endtime="20230502 09:59:48.356"/>
</kw>
<kw name="Wait Until Element Is Visible" library="SeleniumLibrary">
<arg>${LOC_WELCOME_MSG}</arg>
<doc>Waits until the element ``locator`` is visible.</doc>
<status status="PASS" starttime="20230502 09:59:49.356" endtime="20230502 09:59:49.834"/>
</kw>
<status status="PASS" starttime="20230502 09:59:40.894" endtime="20230502 09:59:49.834"/>
</kw>
<kw name="Click Button" library="SeleniumLibrary">
<arg>${LOC_GOTIT_BTN}</arg>
<doc>Clicks the button identified by ``locator``.</doc>
<msg timestamp="20230502 09:59:49.834" level="INFO">Clicking button 'xpath=//button[@class='now-MuiButtonBase-root now-MuiButton-root now-MuiButton-outlined now-now27 now-now23 now-MuiButton-outlinedPrimary']'.</msg>
<status status="PASS" starttime="20230502 09:59:49.834" endtime="20230502 09:59:49.881"/>
</kw>
<kw name="Log" library="BuiltIn">
<arg>Login successful</arg>
<doc>Logs the given message with the given level.</doc>
<msg timestamp="20230502 09:59:49.882" level="INFO">Login successful</msg>
<status status="PASS" starttime="20230502 09:59:49.882" endtime="20230502 09:59:49.882"/>
</kw>
<status status="PASS" starttime="20230502 09:59:40.830" endtime="20230502 09:59:49.882"/>
</kw>
<status status="PASS" starttime="20230502 09:59:40.430" endtime="20230502 09:59:49.882"/>
</kw>
<status status="PASS" starttime="20230502 09:59:34.502" endtime="20230502 09:59:49.882"/>
</kw>
<test id="s1-t1" name="TC_01 Navigate to the OnDemand" line="10">
<kw name="Click on OnDemand module" library="AN_VOD_home">
<kw name="Navigate to OnDemand Module" library="OnDemand">
<doc>This is to validate ondemand module</doc>
<kw name="Wait Until Keyword Succeeds" library="BuiltIn">
<arg>30 s</arg>
<arg>1 s</arg>
<arg>SeleniumLibrary.Click Element</arg>
<arg>${LOC_ONDEMAND_TAB}</arg>
<doc>Runs the specified keyword and retries if it fails.</doc>
<kw name="Click Element" library="SeleniumLibrary">
<arg>${LOC_ONDEMAND_TAB}</arg>
<doc>Click the element identified by ``locator``.</doc>
<msg timestamp="20230502 09:59:49.884" level="INFO">Clicking element 'xpath=//div[.='On Demand']'.</msg>
<msg timestamp="20230502 09:59:50.031" level="INFO" html="true">&lt;/td&gt;&lt;/tr&gt;&lt;tr&gt;&lt;td colspan="3"&gt;&lt;a href="selenium-screenshot-15.png"&gt;&lt;img src="selenium-screenshot-15.png" width="800px"&gt;&lt;/a&gt;</msg>
<msg timestamp="20230502 09:59:50.031" level="FAIL">Element with locator 'xpath=//div[.='On Demand']' not found.</msg>
<status status="FAIL" starttime="20230502 09:59:49.883" endtime="20230502 09:59:50.032"/>
</kw>
<kw name="Click Element" library="SeleniumLibrary">
<arg>${LOC_ONDEMAND_TAB}</arg>
<doc>Click the element identified by ``locator``.</doc>
<msg timestamp="20230502 09:59:51.034" level="INFO">Clicking element 'xpath=//div[.='On Demand']'.</msg>
<status status="PASS" starttime="20230502 09:59:51.033" endtime="20230502 09:59:51.142"/>
</kw>
<status status="PASS" starttime="20230502 09:59:49.883" endtime="20230502 09:59:51.142"/>
</kw>
<kw name="Wait Until Location Contains" library="SeleniumLibrary">
<arg>${DELIVERY_PAGE_URL}</arg>
<doc>Waits until the current URL contains ``expected``.</doc>
<status status="PASS" starttime="20230502 09:59:51.142" endtime="20230502 09:59:51.404"/>
</kw>
<kw name="Wait Until Element Is Visible" library="SeleniumLibrary">
<arg>${LOC_DELIVERY_BTN}</arg>
<arg>10s</arg>
<doc>Waits until the element ``locator`` is visible.</doc>
<status status="PASS" starttime="20230502 09:59:51.404" endtime="20230502 09:59:56.316"/>
</kw>
<kw name="Page Should Contain Element" library="SeleniumLibrary">
<arg>${LOC_DELIVERY_BTN}</arg>
<arg>10s</arg>
<doc>Verifies that element ``locator`` is found on the current page.</doc>
<msg timestamp="20230502 09:59:56.346" level="INFO">Current page contains element 'xpath=//div[.='Create Delivery']'.</msg>
<status status="PASS" starttime="20230502 09:59:56.317" endtime="20230502 09:59:56.346"/>
</kw>
<status status="PASS" starttime="20230502 09:59:49.883" endtime="20230502 09:59:56.347"/>
</kw>
<status status="PASS" starttime="20230502 09:59:49.883" endtime="20230502 09:59:56.347"/>
</kw>
<doc>Test case 1</doc>
<tag>smoke</tag>
<status status="PASS" starttime="20230502 09:59:49.882" endtime="20230502 09:59:56.348"/>
</test>
<test id="s1-t2" name="TC_02 Validate the table on delivery page" line="16">
<kw name="Get the elements present in the headers of the table" library="AN_VOD_home">
<kw name="Navigate to OnDemand Module" library="OnDemand">
<doc>This is to validate ondemand module</doc>
<kw name="Wait Until Keyword Succeeds" library="BuiltIn">
<arg>30 s</arg>
<arg>1 s</arg>
<arg>SeleniumLibrary.Click Element</arg>
<arg>${LOC_ONDEMAND_TAB}</arg>
<doc>Runs the specified keyword and retries if it fails.</doc>
<kw name="Click Element" library="SeleniumLibrary">
<arg>${LOC_ONDEMAND_TAB}</arg>
<doc>Click the element identified by ``locator``.</doc>
<msg timestamp="20230502 09:59:56.356" level="INFO">Clicking element 'xpath=//div[.='On Demand']'.</msg>
<status status="PASS" starttime="20230502 09:59:56.353" endtime="20230502 09:59:56.499"/>
</kw>
<status status="PASS" starttime="20230502 09:59:56.352" endtime="20230502 09:59:56.499"/>
</kw>
<kw name="Wait Until Location Contains" library="SeleniumLibrary">
<arg>${DELIVERY_PAGE_URL}</arg>
<doc>Waits until the current URL contains ``expected``.</doc>
<status status="PASS" starttime="20230502 09:59:56.499" endtime="20230502 09:59:56.510"/>
</kw>
<kw name="Wait Until Element Is Visible" library="SeleniumLibrary">
<arg>${LOC_DELIVERY_BTN}</arg>
<arg>10s</arg>
<doc>Waits until the element ``locator`` is visible.</doc>
<status status="PASS" starttime="20230502 09:59:56.510" endtime="20230502 09:59:56.525"/>
</kw>
<kw name="Page Should Contain Element" library="SeleniumLibrary">
<arg>${LOC_DELIVERY_BTN}</arg>
<arg>10s</arg>
<doc>Verifies that element ``locator`` is found on the current page.</doc>
<msg timestamp="20230502 09:59:56.532" level="INFO">Current page contains element 'xpath=//div[.='Create Delivery']'.</msg>
<status status="PASS" starttime="20230502 09:59:56.525" endtime="20230502 09:59:56.532"/>
</kw>
<status status="PASS" starttime="20230502 09:59:56.351" endtime="20230502 09:59:56.532"/>
</kw>
<kw name="Get the headers present in the table" library="OnDemand">
<doc>This is to fetch the table names</doc>
<kw name="Get WebElements" library="SeleniumLibrary">
<var>@{headers_name}</var>
<arg>xpath=//table/thead/tr/th</arg>
<doc>Returns a list of WebElement objects matching the ``locator``.</doc>
<msg timestamp="20230502 09:59:56.543" level="INFO">@{headers_name} = [ &lt;selenium.webdriver.remote.webelement.WebElement (session="fd5d291050e00b6f2cd30b534a1e73fb", element="2ce7a4a5-4596-4bf8-89a7-f4ab12b67a8a")&gt; | &lt;selenium.webdriver.remote.webelement.WebElement (ses...</msg>
<status status="PASS" starttime="20230502 09:59:56.532" endtime="20230502 09:59:56.543"/>
</kw>
<kw name="Get Element Count" library="SeleniumLibrary">
<var>${get elements count}</var>
<arg>xpath=//table/thead/tr/th</arg>
<doc>Returns the number of elements matching ``locator``.</doc>
<msg timestamp="20230502 09:59:56.550" level="INFO">${get elements count} = 6</msg>
<status status="PASS" starttime="20230502 09:59:56.543" endtime="20230502 09:59:56.550"/>
</kw>
<for flavor="IN">
<var>${elements}</var>
<value>@{headers_name}</value>
<iter>
<var name="${elements}">&lt;selenium.webdriver.remote.webelement.WebElement (session="fd5d291050e00b6f2cd30b534a1e73fb", element="2ce7a4a5-4596-4bf8-89a7-f4ab12b67a8a")&gt;</var>
<kw name="Get Text" library="SeleniumLibrary">
<var>${text}</var>
<arg>${elements}</arg>
<doc>Returns the text value of the element identified by ``locator``.</doc>
<msg timestamp="20230502 09:59:56.563" level="INFO">${text} = TICKET NO.</msg>
<status status="PASS" starttime="20230502 09:59:56.550" endtime="20230502 09:59:56.563"/>
</kw>
<kw name="Log" library="BuiltIn">
<arg>Num value is ${text}</arg>
<doc>Logs the given message with the given level.</doc>
<msg timestamp="20230502 09:59:56.563" level="INFO">Num value is TICKET NO.</msg>
<status status="PASS" starttime="20230502 09:59:56.563" endtime="20230502 09:59:56.563"/>
</kw>
<status status="PASS" starttime="20230502 09:59:56.550" endtime="20230502 09:59:56.563"/>
</iter>
<iter>
<var name="${elements}">&lt;selenium.webdriver.remote.webelement.WebElement (session="fd5d291050e00b6f2cd30b534a1e73fb", element="b36afc26-403b-4a93-a687-08724c1382c3")&gt;</var>
<kw name="Get Text" library="SeleniumLibrary">
<var>${text}</var>
<arg>${elements}</arg>
<doc>Returns the text value of the element identified by ``locator``.</doc>
<msg timestamp="20230502 09:59:56.576" level="INFO">${text} = ASSET INFORMATION</msg>
<status status="PASS" starttime="20230502 09:59:56.563" endtime="20230502 09:59:56.576"/>
</kw>
<kw name="Log" library="BuiltIn">
<arg>Num value is ${text}</arg>
<doc>Logs the given message with the given level.</doc>
<msg timestamp="20230502 09:59:56.576" level="INFO">Num value is ASSET INFORMATION</msg>
<status status="PASS" starttime="20230502 09:59:56.576" endtime="20230502 09:59:56.576"/>
</kw>
<status status="PASS" starttime="20230502 09:59:56.563" endtime="20230502 09:59:56.576"/>
</iter>
<iter>
<var name="${elements}">&lt;selenium.webdriver.remote.webelement.WebElement (session="fd5d291050e00b6f2cd30b534a1e73fb", element="a5eed48f-2527-419f-bcec-528b1bf4eaa6")&gt;</var>
<kw name="Get Text" library="SeleniumLibrary">
<var>${text}</var>
<arg>${elements}</arg>
<doc>Returns the text value of the element identified by ``locator``.</doc>
<msg timestamp="20230502 09:59:56.589" level="INFO">${text} = CREATION DATE</msg>
<status status="PASS" starttime="20230502 09:59:56.576" endtime="20230502 09:59:56.589"/>
</kw>
<kw name="Log" library="BuiltIn">
<arg>Num value is ${text}</arg>
<doc>Logs the given message with the given level.</doc>
<msg timestamp="20230502 09:59:56.589" level="INFO">Num value is CREATION DATE</msg>
<status status="PASS" starttime="20230502 09:59:56.589" endtime="20230502 09:59:56.589"/>
</kw>
<status status="PASS" starttime="20230502 09:59:56.576" endtime="20230502 09:59:56.589"/>
</iter>
<iter>
<var name="${elements}">&lt;selenium.webdriver.remote.webelement.WebElement (session="fd5d291050e00b6f2cd30b534a1e73fb", element="40a6f811-9bb7-4060-b4c5-b60ff84035e6")&gt;</var>
<kw name="Get Text" library="SeleniumLibrary">
<var>${text}</var>
<arg>${elements}</arg>
<doc>Returns the text value of the element identified by ``locator``.</doc>
<msg timestamp="20230502 09:59:56.601" level="INFO">${text} = DELIVERED DATE</msg>
<status status="PASS" starttime="20230502 09:59:56.590" endtime="20230502 09:59:56.601"/>
</kw>
<kw name="Log" library="BuiltIn">
<arg>Num value is ${text}</arg>
<doc>Logs the given message with the given level.</doc>
<msg timestamp="20230502 09:59:56.601" level="INFO">Num value is DELIVERED DATE</msg>
<status status="PASS" starttime="20230502 09:59:56.601" endtime="20230502 09:59:56.601"/>
</kw>
<status status="PASS" starttime="20230502 09:59:56.589" endtime="20230502 09:59:56.601"/>
</iter>
<iter>
<var name="${elements}">&lt;selenium.webdriver.remote.webelement.WebElement (session="fd5d291050e00b6f2cd30b534a1e73fb", element="6a738890-3078-43d0-b8f7-1115746ef2f6")&gt;</var>
<kw name="Get Text" library="SeleniumLibrary">
<var>${text}</var>
<arg>${elements}</arg>
<doc>Returns the text value of the element identified by ``locator``.</doc>
<msg timestamp="20230502 09:59:56.613" level="INFO">${text} = PLATFORM/LICENSE</msg>
<status status="PASS" starttime="20230502 09:59:56.602" endtime="20230502 09:59:56.613"/>
</kw>
<kw name="Log" library="BuiltIn">
<arg>Num value is ${text}</arg>
<doc>Logs the given message with the given level.</doc>
<msg timestamp="20230502 09:59:56.614" level="INFO">Num value is PLATFORM/LICENSE</msg>
<status status="PASS" starttime="20230502 09:59:56.613" endtime="20230502 09:59:56.614"/>
</kw>
<status status="PASS" starttime="20230502 09:59:56.601" endtime="20230502 09:59:56.614"/>
</iter>
<iter>
<var name="${elements}">&lt;selenium.webdriver.remote.webelement.WebElement (session="fd5d291050e00b6f2cd30b534a1e73fb", element="04fdb5b5-01c5-41f4-a140-4cafc405a228")&gt;</var>
<kw name="Get Text" library="SeleniumLibrary">
<var>${text}</var>
<arg>${elements}</arg>
<doc>Returns the text value of the element identified by ``locator``.</doc>
<msg timestamp="20230502 09:59:56.626" level="INFO">${text} = STATUS</msg>
<status status="PASS" starttime="20230502 09:59:56.614" endtime="20230502 09:59:56.626"/>
</kw>
<kw name="Log" library="BuiltIn">
<arg>Num value is ${text}</arg>
<doc>Logs the given message with the given level.</doc>
<msg timestamp="20230502 09:59:56.626" level="INFO">Num value is STATUS</msg>
<status status="PASS" starttime="20230502 09:59:56.626" endtime="20230502 09:59:56.626"/>
</kw>
<status status="PASS" starttime="20230502 09:59:56.614" endtime="20230502 09:59:56.627"/>
</iter>
<status status="PASS" starttime="20230502 09:59:56.550" endtime="20230502 09:59:56.627"/>
</for>
<status status="PASS" starttime="20230502 09:59:56.532" endtime="20230502 09:59:56.627"/>
</kw>
<status status="PASS" starttime="20230502 09:59:56.350" endtime="20230502 09:59:56.627"/>
</kw>
<doc>Test case 2</doc>
<tag>smoke</tag>
<status status="PASS" starttime="20230502 09:59:56.349" endtime="20230502 09:59:56.627"/>
</test>
<test id="s1-t3" name="TC_03 Validate the Create Delivery button in OnDemand module" line="21">
<kw name="Click on Create Delivery button" library="AN_VOD_home">
<kw name="Navigate to OnDemand Module" library="OnDemand">
<doc>This is to validate ondemand module</doc>
<kw name="Wait Until Keyword Succeeds" library="BuiltIn">
<arg>30 s</arg>
<arg>1 s</arg>
<arg>SeleniumLibrary.Click Element</arg>
<arg>${LOC_ONDEMAND_TAB}</arg>
<doc>Runs the specified keyword and retries if it fails.</doc>
<kw name="Click Element" library="SeleniumLibrary">
<arg>${LOC_ONDEMAND_TAB}</arg>
<doc>Click the element identified by ``locator``.</doc>
<msg timestamp="20230502 09:59:56.629" level="INFO">Clicking element 'xpath=//div[.='On Demand']'.</msg>
<status status="PASS" starttime="20230502 09:59:56.628" endtime="20230502 09:59:56.704"/>
</kw>
<status status="PASS" starttime="20230502 09:59:56.628" endtime="20230502 09:59:56.704"/>
</kw>
<kw name="Wait Until Location Contains" library="SeleniumLibrary">
<arg>${DELIVERY_PAGE_URL}</arg>
<doc>Waits until the current URL contains ``expected``.</doc>
<status status="PASS" starttime="20230502 09:59:56.704" endtime="20230502 09:59:56.717"/>
</kw>
<kw name="Wait Until Element Is Visible" library="SeleniumLibrary">
<arg>${LOC_DELIVERY_BTN}</arg>
<arg>10s</arg>
<doc>Waits until the element ``locator`` is visible.</doc>
<status status="PASS" starttime="20230502 09:59:56.717" endtime="20230502 09:59:56.732"/>
</kw>
<kw name="Page Should Contain Element" library="SeleniumLibrary">
<arg>${LOC_DELIVERY_BTN}</arg>
<arg>10s</arg>
<doc>Verifies that element ``locator`` is found on the current page.</doc>
<msg timestamp="20230502 09:59:56.741" level="INFO">Current page contains element 'xpath=//div[.='Create Delivery']'.</msg>
<status status="PASS" starttime="20230502 09:59:56.733" endtime="20230502 09:59:56.741"/>
</kw>
<status status="PASS" starttime="20230502 09:59:56.628" endtime="20230502 09:59:56.741"/>
</kw>
<kw name="Validate 'Create Delivery' drop down" library="OnDemand">
<doc>This is to validate Create Delivery button</doc>
<kw name="Click Element" library="SeleniumLibrary">
<arg>${LOC_DELIVERY_BTN}</arg>
<doc>Click the element identified by ``locator``.</doc>
<msg timestamp="20230502 09:59:56.742" level="INFO">Clicking element 'xpath=//div[.='Create Delivery']'.</msg>
<status status="PASS" starttime="20230502 09:59:56.741" endtime="20230502 09:59:56.782"/>
</kw>
<kw name="Wait Until Keyword Succeeds" library="BuiltIn">
<arg>60 s</arg>
<arg>1 s</arg>
<arg>seleniumlibrary.wait until element is visible</arg>
<arg>${LOC_SELF_SERVE_DELIVERY_BTN}</arg>
<doc>Runs the specified keyword and retries if it fails.</doc>
<kw name="Wait Until Element Is Visible" library="SeleniumLibrary">
<arg>${LOC_SELF_SERVE_DELIVERY_BTN}</arg>
<doc>Waits until the element ``locator`` is visible.</doc>
<status status="PASS" starttime="20230502 09:59:56.783" endtime="20230502 09:59:57.031"/>
</kw>
<status status="PASS" starttime="20230502 09:59:56.782" endtime="20230502 09:59:57.031"/>
</kw>
<kw name="Wait Until Element Is Visible" library="SeleniumLibrary">
<arg>${LOC_RULE_BASED_DELIVERY_BTN}</arg>
<doc>Waits until the element ``locator`` is visible.</doc>
<status status="PASS" starttime="20230502 09:59:57.031" endtime="20230502 09:59:57.068"/>
</kw>
<status status="PASS" starttime="20230502 09:59:56.741" endtime="20230502 09:59:57.068"/>
</kw>
<status status="PASS" starttime="20230502 09:59:56.628" endtime="20230502 09:59:57.068"/>
</kw>
<doc>Test case 3</doc>
<tag>smoke</tag>
<status status="PASS" starttime="20230502 09:59:56.627" endtime="20230502 09:59:57.069"/>
</test>
<kw name="Close All Browsers" library="SeleniumLibrary" type="TEARDOWN">
<doc>Closes all open browsers and resets the browser cache.</doc>
<status status="PASS" starttime="20230502 09:59:57.070" endtime="20230502 09:59:57.132"/>
</kw>
<status status="PASS" starttime="20230502 09:59:34.365" endtime="20230502 09:59:57.132"/>
</suite>
<statistics>
<total>
<stat pass="3" fail="0" skip="0">All Tests</stat>
</total>
<tag>
<stat pass="3" fail="0" skip="0">smoke</stat>
</tag>
<suite>
<stat pass="3" fail="0" skip="0" id="s1" name="test AmagiNow vod">test AmagiNow vod</stat>
</suite>
</statistics>
<errors>
</errors>
</robot>
