<?xml version="1.0" encoding="UTF-8"?>
<robot generator="Robot 6.0.2 (Python 3.10.6 on linux)" generated="20230504 15:53:46.818" rpa="false" schemaversion="3">
<suite id="s1" name="test AmagiNow vod" source="/home/c-sohans/PycharmProjects/AmagiNow-vodDemo/Test_Suite/test_AmagiNow_vod.robot">
<kw name="Run Keywords" library="BuiltIn" type="SETUP">
<arg>AN_VOD_landing.Navigate to vod end point</arg>
<arg>AND</arg>
<arg>AN_VOD_landing.Enter valid credentials and sign in</arg>
<doc>Executes all the given keywords in a sequence.</doc>
<kw name="Navigate to vod end point" library="AN_VOD_landing">
<kw name="Open Vod End Point" library="OnDemand">
<doc>This is used to open the vod end point</doc>
<kw name="Create Webdriver" library="SeleniumLibrary">
<arg>Chrome</arg>
<arg>${cmn_executable_path_chrome}</arg>
<doc>Creates an instance of Selenium WebDriver.</doc>
<msg timestamp="20230504 15:53:46.974" level="INFO">Creating an instance of the Chrome WebDriver.</msg>
<msg timestamp="20230504 15:53:46.974" level="INFO">Executing: /home/c-sohans/PycharmProjects/AmagiNow-vodDemo/amaginowdemo_env/lib/python3.10/site-packages/selenium/webdriver/common/linux/selenium-manager --browser chrome --output json</msg>
<status status="PASS" starttime="20230504 15:53:46.974" endtime="20230504 15:53:47.895"/>
</kw>
<kw name="Go To" library="SeleniumLibrary">
<arg>${vod_end_point}</arg>
<doc>Navigates the current browser window to the provided ``url``.</doc>
<msg timestamp="20230504 15:53:47.897" level="INFO">Opening url 'https://test.now.amagi.tv/signin'</msg>
<status status="PASS" starttime="20230504 15:53:47.896" endtime="20230504 15:54:00.921"/>
</kw>
<kw name="Maximize Browser Window" library="SeleniumLibrary">
<doc>Maximizes current browser window.</doc>
<status status="PASS" starttime="20230504 15:54:00.922" endtime="20230504 15:54:01.035"/>
</kw>
<kw name="Wait Until Keyword Succeeds" library="BuiltIn">
<arg>60 s</arg>
<arg>1 s</arg>
<arg>SeleniumLibrary.Wait Until Element Is Visible</arg>
<arg>${LOC_INPUT_EMAIL}</arg>
<doc>Runs the specified keyword and retries if it fails.</doc>
<kw name="Wait Until Element Is Visible" library="SeleniumLibrary">
<arg>${LOC_INPUT_EMAIL}</arg>
<doc>Waits until the element ``locator`` is visible.</doc>
<status status="PASS" starttime="20230504 15:54:01.038" endtime="20230504 15:54:01.089"/>
</kw>
<status status="PASS" starttime="20230504 15:54:01.036" endtime="20230504 15:54:01.089"/>
</kw>
<status status="PASS" starttime="20230504 15:53:46.973" endtime="20230504 15:54:01.089"/>
</kw>
<status status="PASS" starttime="20230504 15:53:46.973" endtime="20230504 15:54:01.089"/>
</kw>
<kw name="Enter valid credentials and sign in" library="AN_VOD_landing">
<kw name="Input Email" library="OnDemand">
<arg>${user_email}</arg>
<kw name="Wait Until Element Is Visible" library="SeleniumLibrary">
<arg>${LOC_INPUT_EMAIL}</arg>
<doc>Waits until the element ``locator`` is visible.</doc>
<status status="PASS" starttime="20230504 15:54:01.090" endtime="20230504 15:54:01.114"/>
</kw>
<kw name="Input Text" library="SeleniumLibrary">
<arg>${LOC_INPUT_EMAIL}</arg>
<arg>${user_email}</arg>
<doc>Types the given ``text`` into the text field identified by ``locator``.</doc>
<msg timestamp="20230504 15:54:01.115" level="INFO">Typing text 'c-sohan.s@amagi.com' into text field 'name=email'.</msg>
<status status="PASS" starttime="20230504 15:54:01.115" endtime="20230504 15:54:01.289"/>
</kw>
<status status="PASS" starttime="20230504 15:54:01.090" endtime="20230504 15:54:01.289"/>
</kw>
<kw name="Input Password" library="OnDemand">
<arg>${user_password}</arg>
<kw name="Wait Until Element Is Visible" library="SeleniumLibrary">
<arg>${LOC_INPUT_PASSWORD}</arg>
<doc>Waits until the element ``locator`` is visible.</doc>
<status status="PASS" starttime="20230504 15:54:01.290" endtime="20230504 15:54:01.309"/>
</kw>
<kw name="Input Text" library="SeleniumLibrary">
<arg>${LOC_INPUT_PASSWORD}</arg>
<arg>${user_password}</arg>
<doc>Types the given ``text`` into the text field identified by ``locator``.</doc>
<msg timestamp="20230504 15:54:01.310" level="INFO">Typing text 'User@321' into text field 'id=password'.</msg>
<status status="PASS" starttime="20230504 15:54:01.309" endtime="20230504 15:54:01.407"/>
</kw>
<status status="PASS" starttime="20230504 15:54:01.290" endtime="20230504 15:54:01.407"/>
</kw>
<kw name="Input Domain" library="OnDemand">
<arg>${user_domain}</arg>
<kw name="Wait Until Element Is Visible" library="SeleniumLibrary">
<arg>${LOC_INPUT_DOMAIN}</arg>
<doc>Waits until the element ``locator`` is visible.</doc>
<status status="PASS" starttime="20230504 15:54:01.407" endtime="20230504 15:54:01.427"/>
</kw>
<kw name="Input Text" library="SeleniumLibrary">
<arg>${LOC_INPUT_DOMAIN}</arg>
<arg>${user_domain}</arg>
<doc>Types the given ``text`` into the text field identified by ``locator``.</doc>
<msg timestamp="20230504 15:54:01.427" level="INFO">Typing text 'vod_test_o' into text field 'id=domain_name'.</msg>
<status status="PASS" starttime="20230504 15:54:01.427" endtime="20230504 15:54:01.526"/>
</kw>
<status status="PASS" starttime="20230504 15:54:01.407" endtime="20230504 15:54:01.526"/>
</kw>
<kw name="Click Signin" library="OnDemand">
<doc>This is to validate user login</doc>
<kw name="Wait Until Element Is Visible" library="SeleniumLibrary">
<arg>${LOC_SIGNIN_BTN}</arg>
<doc>Waits until the element ``locator`` is visible.</doc>
<status status="PASS" starttime="20230504 15:54:01.527" endtime="20230504 15:54:01.549"/>
</kw>
<kw name="Click Element" library="SeleniumLibrary">
<arg>${LOC_SIGNIN_BTN}</arg>
<doc>Click the element identified by ``locator``.</doc>
<msg timestamp="20230504 15:54:01.549" level="INFO">Clicking element 'xpath=//button[@type='submit']'.</msg>
<status status="PASS" starttime="20230504 15:54:01.549" endtime="20230504 15:54:01.594"/>
</kw>
<kw name="Wait Until Keyword Succeeds" library="BuiltIn">
<arg>60 s</arg>
<arg>1 s</arg>
<arg>SeleniumLibrary.Wait Until Element Is Visible</arg>
<arg>${LOC_WELCOME_MSG}</arg>
<doc>Runs the specified keyword and retries if it fails.</doc>
<kw name="Wait Until Element Is Visible" library="SeleniumLibrary">
<arg>${LOC_WELCOME_MSG}</arg>
<doc>Waits until the element ``locator`` is visible.</doc>
<msg timestamp="20230504 15:54:08.612" level="INFO" html="true">&lt;/td&gt;&lt;/tr&gt;&lt;tr&gt;&lt;td colspan="3"&gt;&lt;a href="selenium-screenshot-1.png"&gt;&lt;img src="selenium-screenshot-1.png" width="800px"&gt;&lt;/a&gt;</msg>
<msg timestamp="20230504 15:54:08.612" level="FAIL">Element 'xpath=//div[text()='Welcome to Amagi Now!']' not visible after 5 seconds.</msg>
<status status="FAIL" starttime="20230504 15:54:01.595" endtime="20230504 15:54:08.612"/>
</kw>
<kw name="Wait Until Element Is Visible" library="SeleniumLibrary">
<arg>${LOC_WELCOME_MSG}</arg>
<doc>Waits until the element ``locator`` is visible.</doc>
<status status="PASS" starttime="20230504 15:54:09.613" endtime="20230504 15:54:09.931"/>
</kw>
<status status="PASS" starttime="20230504 15:54:01.595" endtime="20230504 15:54:09.931"/>
</kw>
<kw name="Click Button" library="SeleniumLibrary">
<arg>${LOC_GOTIT_BTN}</arg>
<doc>Clicks the button identified by ``locator``.</doc>
<msg timestamp="20230504 15:54:09.933" level="INFO">Clicking button 'xpath=//button[@class='now-MuiButtonBase-root now-MuiButton-root now-MuiButton-outlined now-now27 now-now23 now-MuiButton-outlinedPrimary']'.</msg>
<status status="PASS" starttime="20230504 15:54:09.932" endtime="20230504 15:54:10.065"/>
</kw>
<kw name="Log" library="BuiltIn">
<arg>Login successful</arg>
<doc>Logs the given message with the given level.</doc>
<msg timestamp="20230504 15:54:10.066" level="INFO">Login successful</msg>
<status status="PASS" starttime="20230504 15:54:10.066" endtime="20230504 15:54:10.066"/>
</kw>
<status status="PASS" starttime="20230504 15:54:01.527" endtime="20230504 15:54:10.066"/>
</kw>
<status status="PASS" starttime="20230504 15:54:01.089" endtime="20230504 15:54:10.066"/>
</kw>
<status status="PASS" starttime="20230504 15:53:46.973" endtime="20230504 15:54:10.066"/>
</kw>
<test id="s1-t1" name="TC_01 Navigate to the OnDemand" line="10">
<kw name="Click on OnDemand module" library="AN_VOD_home">
<kw name="Navigate to OnDemand Module" library="OnDemand">
<doc>This is to validate ondemand module</doc>
<kw name="Wait Until Keyword Succeeds" library="BuiltIn">
<arg>30 s</arg>
<arg>1 s</arg>
<arg>SeleniumLibrary.Click Element</arg>
<arg>${LOC_ONDEMAND_TAB}</arg>
<doc>Runs the specified keyword and retries if it fails.</doc>
<kw name="Click Element" library="SeleniumLibrary">
<arg>${LOC_ONDEMAND_TAB}</arg>
<doc>Click the element identified by ``locator``.</doc>
<msg timestamp="20230504 15:54:10.069" level="INFO">Clicking element 'xpath=//div[.='On Demand']'.</msg>
<msg timestamp="20230504 15:54:10.302" level="INFO" html="true">&lt;/td&gt;&lt;/tr&gt;&lt;tr&gt;&lt;td colspan="3"&gt;&lt;a href="selenium-screenshot-2.png"&gt;&lt;img src="selenium-screenshot-2.png" width="800px"&gt;&lt;/a&gt;</msg>
<msg timestamp="20230504 15:54:10.302" level="FAIL">Element with locator 'xpath=//div[.='On Demand']' not found.</msg>
<status status="FAIL" starttime="20230504 15:54:10.068" endtime="20230504 15:54:10.303"/>
</kw>
<kw name="Click Element" library="SeleniumLibrary">
<arg>${LOC_ONDEMAND_TAB}</arg>
<doc>Click the element identified by ``locator``.</doc>
<msg timestamp="20230504 15:54:11.306" level="INFO">Clicking element 'xpath=//div[.='On Demand']'.</msg>
<status status="PASS" starttime="20230504 15:54:11.304" endtime="20230504 15:54:11.459"/>
</kw>
<status status="PASS" starttime="20230504 15:54:10.068" endtime="20230504 15:54:11.459"/>
</kw>
<kw name="Wait Until Location Contains" library="SeleniumLibrary">
<arg>${DELIVERY_PAGE_URL}</arg>
<doc>Waits until the current URL contains ``expected``.</doc>
<status status="PASS" starttime="20230504 15:54:11.459" endtime="20230504 15:54:11.674"/>
</kw>
<kw name="Wait Until Element Is Visible" library="SeleniumLibrary">
<arg>${LOC_DELIVERY_BTN}</arg>
<arg>10s</arg>
<doc>Waits until the element ``locator`` is visible.</doc>
<status status="PASS" starttime="20230504 15:54:11.674" endtime="20230504 15:54:14.263"/>
</kw>
<kw name="Page Should Contain Element" library="SeleniumLibrary">
<arg>${LOC_DELIVERY_BTN}</arg>
<arg>10s</arg>
<doc>Verifies that element ``locator`` is found on the current page.</doc>
<msg timestamp="20230504 15:54:14.270" level="INFO">Current page contains element 'xpath=//div[.='Create Delivery']'.</msg>
<status status="PASS" starttime="20230504 15:54:14.263" endtime="20230504 15:54:14.270"/>
</kw>
<status status="PASS" starttime="20230504 15:54:10.068" endtime="20230504 15:54:14.270"/>
</kw>
<status status="PASS" starttime="20230504 15:54:10.067" endtime="20230504 15:54:14.270"/>
</kw>
<doc>Test case 1</doc>
<tag>smoke</tag>
<status status="PASS" starttime="20230504 15:54:10.066" endtime="20230504 15:54:14.270"/>
</test>
<test id="s1-t2" name="TC_02 Validate the table on delivery page" line="15">
<kw name="Get the elements present in the headers of the table" library="AN_VOD_home">
<kw name="Navigate to OnDemand Module" library="OnDemand">
<doc>This is to validate ondemand module</doc>
<kw name="Wait Until Keyword Succeeds" library="BuiltIn">
<arg>30 s</arg>
<arg>1 s</arg>
<arg>SeleniumLibrary.Click Element</arg>
<arg>${LOC_ONDEMAND_TAB}</arg>
<doc>Runs the specified keyword and retries if it fails.</doc>
<kw name="Click Element" library="SeleniumLibrary">
<arg>${LOC_ONDEMAND_TAB}</arg>
<doc>Click the element identified by ``locator``.</doc>
<msg timestamp="20230504 15:54:14.272" level="INFO">Clicking element 'xpath=//div[.='On Demand']'.</msg>
<status status="PASS" starttime="20230504 15:54:14.272" endtime="20230504 15:54:14.356"/>
</kw>
<status status="PASS" starttime="20230504 15:54:14.271" endtime="20230504 15:54:14.357"/>
</kw>
<kw name="Wait Until Location Contains" library="SeleniumLibrary">
<arg>${DELIVERY_PAGE_URL}</arg>
<doc>Waits until the current URL contains ``expected``.</doc>
<status status="PASS" starttime="20230504 15:54:14.357" endtime="20230504 15:54:14.370"/>
</kw>
<kw name="Wait Until Element Is Visible" library="SeleniumLibrary">
<arg>${LOC_DELIVERY_BTN}</arg>
<arg>10s</arg>
<doc>Waits until the element ``locator`` is visible.</doc>
<status status="PASS" starttime="20230504 15:54:14.370" endtime="20230504 15:54:14.388"/>
</kw>
<kw name="Page Should Contain Element" library="SeleniumLibrary">
<arg>${LOC_DELIVERY_BTN}</arg>
<arg>10s</arg>
<doc>Verifies that element ``locator`` is found on the current page.</doc>
<msg timestamp="20230504 15:54:14.397" level="INFO">Current page contains element 'xpath=//div[.='Create Delivery']'.</msg>
<status status="PASS" starttime="20230504 15:54:14.388" endtime="20230504 15:54:14.397"/>
</kw>
<status status="PASS" starttime="20230504 15:54:14.271" endtime="20230504 15:54:14.397"/>
</kw>
<kw name="Get the headers present in the table" library="OnDemand">
<doc>This is to fetch the table names</doc>
<kw name="Get WebElements" library="SeleniumLibrary">
<var>@{headers_name}</var>
<arg>xpath=//table/thead/tr/th</arg>
<doc>Returns a list of WebElement objects matching the ``locator``.</doc>
<msg timestamp="20230504 15:54:14.408" level="INFO">@{headers_name} = [ &lt;selenium.webdriver.remote.webelement.WebElement (session="c1fd8a27cdd84b83dc7631917eb39059", element="3A7382C20E87AF05EF03BC524F6FA7C2_element_46")&gt; | &lt;selenium.webdriver.remote.webelement.WebEleme...</msg>
<status status="PASS" starttime="20230504 15:54:14.398" endtime="20230504 15:54:14.408"/>
</kw>
<kw name="Get Element Count" library="SeleniumLibrary">
<var>${get elements count}</var>
<arg>xpath=//table/thead/tr/th</arg>
<doc>Returns the number of elements matching ``locator``.</doc>
<msg timestamp="20230504 15:54:14.418" level="INFO">${get elements count} = 6</msg>
<status status="PASS" starttime="20230504 15:54:14.408" endtime="20230504 15:54:14.418"/>
</kw>
<for flavor="IN">
<var>${elements}</var>
<value>@{headers_name}</value>
<iter>
<var name="${elements}">&lt;selenium.webdriver.remote.webelement.WebElement (session="c1fd8a27cdd84b83dc7631917eb39059", element="3A7382C20E87AF05EF03BC524F6FA7C2_element_46")&gt;</var>
<kw name="Get Text" library="SeleniumLibrary">
<var>${text}</var>
<arg>${elements}</arg>
<doc>Returns the text value of the element identified by ``locator``.</doc>
<msg timestamp="20230504 15:54:14.432" level="INFO">${text} = TICKET NO.</msg>
<status status="PASS" starttime="20230504 15:54:14.418" endtime="20230504 15:54:14.432"/>
</kw>
<kw name="Log" library="BuiltIn">
<arg>Num value is ${text}</arg>
<doc>Logs the given message with the given level.</doc>
<msg timestamp="20230504 15:54:14.432" level="INFO">Num value is TICKET NO.</msg>
<status status="PASS" starttime="20230504 15:54:14.432" endtime="20230504 15:54:14.432"/>
</kw>
<status status="PASS" starttime="20230504 15:54:14.418" endtime="20230504 15:54:14.432"/>
</iter>
<iter>
<var name="${elements}">&lt;selenium.webdriver.remote.webelement.WebElement (session="c1fd8a27cdd84b83dc7631917eb39059", element="3A7382C20E87AF05EF03BC524F6FA7C2_element_47")&gt;</var>
<kw name="Get Text" library="SeleniumLibrary">
<var>${text}</var>
<arg>${elements}</arg>
<doc>Returns the text value of the element identified by ``locator``.</doc>
<msg timestamp="20230504 15:54:14.449" level="INFO">${text} = ASSET INFORMATION</msg>
<status status="PASS" starttime="20230504 15:54:14.433" endtime="20230504 15:54:14.449"/>
</kw>
<kw name="Log" library="BuiltIn">
<arg>Num value is ${text}</arg>
<doc>Logs the given message with the given level.</doc>
<msg timestamp="20230504 15:54:14.449" level="INFO">Num value is ASSET INFORMATION</msg>
<status status="PASS" starttime="20230504 15:54:14.449" endtime="20230504 15:54:14.449"/>
</kw>
<status status="PASS" starttime="20230504 15:54:14.432" endtime="20230504 15:54:14.449"/>
</iter>
<iter>
<var name="${elements}">&lt;selenium.webdriver.remote.webelement.WebElement (session="c1fd8a27cdd84b83dc7631917eb39059", element="3A7382C20E87AF05EF03BC524F6FA7C2_element_48")&gt;</var>
<kw name="Get Text" library="SeleniumLibrary">
<var>${text}</var>
<arg>${elements}</arg>
<doc>Returns the text value of the element identified by ``locator``.</doc>
<msg timestamp="20230504 15:54:14.464" level="INFO">${text} = CREATION DATE</msg>
<status status="PASS" starttime="20230504 15:54:14.449" endtime="20230504 15:54:14.464"/>
</kw>
<kw name="Log" library="BuiltIn">
<arg>Num value is ${text}</arg>
<doc>Logs the given message with the given level.</doc>
<msg timestamp="20230504 15:54:14.464" level="INFO">Num value is CREATION DATE</msg>
<status status="PASS" starttime="20230504 15:54:14.464" endtime="20230504 15:54:14.464"/>
</kw>
<status status="PASS" starttime="20230504 15:54:14.449" endtime="20230504 15:54:14.464"/>
</iter>
<iter>
<var name="${elements}">&lt;selenium.webdriver.remote.webelement.WebElement (session="c1fd8a27cdd84b83dc7631917eb39059", element="3A7382C20E87AF05EF03BC524F6FA7C2_element_49")&gt;</var>
<kw name="Get Text" library="SeleniumLibrary">
<var>${text}</var>
<arg>${elements}</arg>
<doc>Returns the text value of the element identified by ``locator``.</doc>
<msg timestamp="20230504 15:54:14.473" level="INFO">${text} = DELIVERED DATE</msg>
<status status="PASS" starttime="20230504 15:54:14.464" endtime="20230504 15:54:14.473"/>
</kw>
<kw name="Log" library="BuiltIn">
<arg>Num value is ${text}</arg>
<doc>Logs the given message with the given level.</doc>
<msg timestamp="20230504 15:54:14.473" level="INFO">Num value is DELIVERED DATE</msg>
<status status="PASS" starttime="20230504 15:54:14.473" endtime="20230504 15:54:14.473"/>
</kw>
<status status="PASS" starttime="20230504 15:54:14.464" endtime="20230504 15:54:14.473"/>
</iter>
<iter>
<var name="${elements}">&lt;selenium.webdriver.remote.webelement.WebElement (session="c1fd8a27cdd84b83dc7631917eb39059", element="3A7382C20E87AF05EF03BC524F6FA7C2_element_50")&gt;</var>
<kw name="Get Text" library="SeleniumLibrary">
<var>${text}</var>
<arg>${elements}</arg>
<doc>Returns the text value of the element identified by ``locator``.</doc>
<msg timestamp="20230504 15:54:14.484" level="INFO">${text} = PLATFORM/LICENSE</msg>
<status status="PASS" starttime="20230504 15:54:14.473" endtime="20230504 15:54:14.484"/>
</kw>
<kw name="Log" library="BuiltIn">
<arg>Num value is ${text}</arg>
<doc>Logs the given message with the given level.</doc>
<msg timestamp="20230504 15:54:14.484" level="INFO">Num value is PLATFORM/LICENSE</msg>
<status status="PASS" starttime="20230504 15:54:14.484" endtime="20230504 15:54:14.484"/>
</kw>
<status status="PASS" starttime="20230504 15:54:14.473" endtime="20230504 15:54:14.484"/>
</iter>
<iter>
<var name="${elements}">&lt;selenium.webdriver.remote.webelement.WebElement (session="c1fd8a27cdd84b83dc7631917eb39059", element="3A7382C20E87AF05EF03BC524F6FA7C2_element_51")&gt;</var>
<kw name="Get Text" library="SeleniumLibrary">
<var>${text}</var>
<arg>${elements}</arg>
<doc>Returns the text value of the element identified by ``locator``.</doc>
<msg timestamp="20230504 15:54:14.491" level="INFO">${text} = STATUS</msg>
<status status="PASS" starttime="20230504 15:54:14.485" endtime="20230504 15:54:14.491"/>
</kw>
<kw name="Log" library="BuiltIn">
<arg>Num value is ${text}</arg>
<doc>Logs the given message with the given level.</doc>
<msg timestamp="20230504 15:54:14.492" level="INFO">Num value is STATUS</msg>
<status status="PASS" starttime="20230504 15:54:14.491" endtime="20230504 15:54:14.492"/>
</kw>
<status status="PASS" starttime="20230504 15:54:14.484" endtime="20230504 15:54:14.492"/>
</iter>
<status status="PASS" starttime="20230504 15:54:14.418" endtime="20230504 15:54:14.492"/>
</for>
<status status="PASS" starttime="20230504 15:54:14.397" endtime="20230504 15:54:14.492"/>
</kw>
<status status="PASS" starttime="20230504 15:54:14.271" endtime="20230504 15:54:14.492"/>
</kw>
<doc>Test case 2</doc>
<tag>smoke</tag>
<status status="PASS" starttime="20230504 15:54:14.270" endtime="20230504 15:54:14.492"/>
</test>
<test id="s1-t3" name="TC_03 Validate the Create Delivery button in OnDemand module" line="20">
<kw name="Click on Create Delivery button" library="AN_VOD_home">
<kw name="Navigate to OnDemand Module" library="OnDemand">
<doc>This is to validate ondemand module</doc>
<kw name="Wait Until Keyword Succeeds" library="BuiltIn">
<arg>30 s</arg>
<arg>1 s</arg>
<arg>SeleniumLibrary.Click Element</arg>
<arg>${LOC_ONDEMAND_TAB}</arg>
<doc>Runs the specified keyword and retries if it fails.</doc>
<kw name="Click Element" library="SeleniumLibrary">
<arg>${LOC_ONDEMAND_TAB}</arg>
<doc>Click the element identified by ``locator``.</doc>
<msg timestamp="20230504 15:54:14.495" level="INFO">Clicking element 'xpath=//div[.='On Demand']'.</msg>
<status status="PASS" starttime="20230504 15:54:14.494" endtime="20230504 15:54:14.570"/>
</kw>
<status status="PASS" starttime="20230504 15:54:14.494" endtime="20230504 15:54:14.570"/>
</kw>
<kw name="Wait Until Location Contains" library="SeleniumLibrary">
<arg>${DELIVERY_PAGE_URL}</arg>
<doc>Waits until the current URL contains ``expected``.</doc>
<status status="PASS" starttime="20230504 15:54:14.570" endtime="20230504 15:54:14.580"/>
</kw>
<kw name="Wait Until Element Is Visible" library="SeleniumLibrary">
<arg>${LOC_DELIVERY_BTN}</arg>
<arg>10s</arg>
<doc>Waits until the element ``locator`` is visible.</doc>
<status status="PASS" starttime="20230504 15:54:14.581" endtime="20230504 15:54:14.596"/>
</kw>
<kw name="Page Should Contain Element" library="SeleniumLibrary">
<arg>${LOC_DELIVERY_BTN}</arg>
<arg>10s</arg>
<doc>Verifies that element ``locator`` is found on the current page.</doc>
<msg timestamp="20230504 15:54:14.603" level="INFO">Current page contains element 'xpath=//div[.='Create Delivery']'.</msg>
<status status="PASS" starttime="20230504 15:54:14.596" endtime="20230504 15:54:14.603"/>
</kw>
<status status="PASS" starttime="20230504 15:54:14.494" endtime="20230504 15:54:14.603"/>
</kw>
<kw name="Validate 'Create Delivery' drop down" library="OnDemand">
<doc>This is to validate Create Delivery button</doc>
<kw name="Click Element" library="SeleniumLibrary">
<arg>${LOC_DELIVERY_BTN}</arg>
<doc>Click the element identified by ``locator``.</doc>
<msg timestamp="20230504 15:54:14.604" level="INFO">Clicking element 'xpath=//div[.='Create Delivery']'.</msg>
<status status="PASS" starttime="20230504 15:54:14.604" endtime="20230504 15:54:14.646"/>
</kw>
<kw name="Wait Until Keyword Succeeds" library="BuiltIn">
<arg>60 s</arg>
<arg>1 s</arg>
<arg>seleniumlibrary.wait until element is visible</arg>
<arg>${LOC_SELF_SERVE_DELIVERY_BTN}</arg>
<doc>Runs the specified keyword and retries if it fails.</doc>
<kw name="Wait Until Element Is Visible" library="SeleniumLibrary">
<arg>${LOC_SELF_SERVE_DELIVERY_BTN}</arg>
<doc>Waits until the element ``locator`` is visible.</doc>
<status status="PASS" starttime="20230504 15:54:14.646" endtime="20230504 15:54:14.665"/>
</kw>
<status status="PASS" starttime="20230504 15:54:14.646" endtime="20230504 15:54:14.665"/>
</kw>
<kw name="Wait Until Element Is Visible" library="SeleniumLibrary">
<arg>${LOC_RULE_BASED_DELIVERY_BTN}</arg>
<doc>Waits until the element ``locator`` is visible.</doc>
<status status="PASS" starttime="20230504 15:54:14.665" endtime="20230504 15:54:14.684"/>
</kw>
<kw name="Click Element" library="SeleniumLibrary">
<arg>${LOC_RULE_BASED_DELIVERY_BTN}</arg>
<doc>Click the element identified by ``locator``.</doc>
<msg timestamp="20230504 15:54:14.685" level="INFO">Clicking element '//div[.='Rule Based Delivery']'.</msg>
<status status="PASS" starttime="20230504 15:54:14.685" endtime="20230504 15:54:14.745"/>
</kw>
<kw name="Click Button" library="SeleniumLibrary">
<arg>Cancel</arg>
<doc>Clicks the button identified by ``locator``.</doc>
<msg timestamp="20230504 15:54:14.746" level="INFO">Clicking button 'Cancel'.</msg>
<status status="PASS" starttime="20230504 15:54:14.746" endtime="20230504 15:54:14.846"/>
</kw>
<kw name="Click Element" library="SeleniumLibrary">
<arg>${LOC_DELIVERY_BTN}</arg>
<doc>Click the element identified by ``locator``.</doc>
<msg timestamp="20230504 15:54:14.846" level="INFO">Clicking element 'xpath=//div[.='Create Delivery']'.</msg>
<status status="PASS" starttime="20230504 15:54:14.846" endtime="20230504 15:54:14.886"/>
</kw>
<kw name="Click Element" library="SeleniumLibrary">
<arg>${LOC_SELF_SERVE_DELIVERY_BTN}</arg>
<doc>Click the element identified by ``locator``.</doc>
<msg timestamp="20230504 15:54:14.887" level="INFO">Clicking element '//div[.='Self Serve Delivery']'.</msg>
<status status="PASS" starttime="20230504 15:54:14.887" endtime="20230504 15:54:14.970"/>
</kw>
<kw name="Wait Until Page Contains" library="SeleniumLibrary">
<arg>Cancel</arg>
<doc>Waits until ``text`` appears on the current page.</doc>
<status status="PASS" starttime="20230504 15:54:14.970" endtime="20230504 15:54:14.995"/>
</kw>
<kw name="Go Back" library="SeleniumLibrary">
<doc>Simulates the user clicking the back button on their browser.</doc>
<status status="PASS" starttime="20230504 15:54:14.995" endtime="20230504 15:54:15.051"/>
</kw>
<status status="PASS" starttime="20230504 15:54:14.604" endtime="20230504 15:54:15.051"/>
</kw>
<status status="PASS" starttime="20230504 15:54:14.493" endtime="20230504 15:54:15.051"/>
</kw>
<doc>Test case 3</doc>
<tag>smoke</tag>
<status status="PASS" starttime="20230504 15:54:14.493" endtime="20230504 15:54:15.051"/>
</test>
<test id="s1-t4" name="TC_05 Validate the functionality of the Filter icon" line="30">
<kw name="Click on the Filter Icon" library="AN_VOD_home">
<kw name="Navigate to OnDemand Module" library="OnDemand">
<doc>This is to validate ondemand module</doc>
<kw name="Wait Until Keyword Succeeds" library="BuiltIn">
<arg>30 s</arg>
<arg>1 s</arg>
<arg>SeleniumLibrary.Click Element</arg>
<arg>${LOC_ONDEMAND_TAB}</arg>
<doc>Runs the specified keyword and retries if it fails.</doc>
<kw name="Click Element" library="SeleniumLibrary">
<arg>${LOC_ONDEMAND_TAB}</arg>
<doc>Click the element identified by ``locator``.</doc>
<msg timestamp="20230504 15:54:15.055" level="INFO">Clicking element 'xpath=//div[.='On Demand']'.</msg>
<status status="PASS" starttime="20230504 15:54:15.054" endtime="20230504 15:54:15.131"/>
</kw>
<status status="PASS" starttime="20230504 15:54:15.053" endtime="20230504 15:54:15.131"/>
</kw>
<kw name="Wait Until Location Contains" library="SeleniumLibrary">
<arg>${DELIVERY_PAGE_URL}</arg>
<doc>Waits until the current URL contains ``expected``.</doc>
<status status="PASS" starttime="20230504 15:54:15.132" endtime="20230504 15:54:15.139"/>
</kw>
<kw name="Wait Until Element Is Visible" library="SeleniumLibrary">
<arg>${LOC_DELIVERY_BTN}</arg>
<arg>10s</arg>
<doc>Waits until the element ``locator`` is visible.</doc>
<status status="PASS" starttime="20230504 15:54:15.139" endtime="20230504 15:54:15.155"/>
</kw>
<kw name="Page Should Contain Element" library="SeleniumLibrary">
<arg>${LOC_DELIVERY_BTN}</arg>
<arg>10s</arg>
<doc>Verifies that element ``locator`` is found on the current page.</doc>
<msg timestamp="20230504 15:54:15.163" level="INFO">Current page contains element 'xpath=//div[.='Create Delivery']'.</msg>
<status status="PASS" starttime="20230504 15:54:15.156" endtime="20230504 15:54:15.164"/>
</kw>
<status status="PASS" starttime="20230504 15:54:15.053" endtime="20230504 15:54:15.164"/>
</kw>
<kw name="click on the filter icon" library="OnDemand">
<doc>This is to check the filter icon functionality</doc>
<kw name="Click Element" library="SeleniumLibrary">
<arg>${Filter_ICON_SYMBOL}</arg>
<doc>Click the element identified by ``locator``.</doc>
<msg timestamp="20230504 15:54:15.164" level="INFO">Clicking element 'xpath=//div[@data-testid='filter-icon']//*[name()='svg']'.</msg>
<status status="PASS" starttime="20230504 15:54:15.164" endtime="20230504 15:54:15.208"/>
</kw>
<kw name="Wait Until Page Contains" library="SeleniumLibrary">
<arg>${Filter_text}</arg>
<doc>Waits until ``text`` appears on the current page.</doc>
<status status="PASS" starttime="20230504 15:54:15.208" endtime="20230504 15:54:15.223"/>
</kw>
<kw name="Click Element" library="SeleniumLibrary">
<arg>${FILTER_DROPDOWN_PLATFORM}</arg>
<doc>Click the element identified by ``locator``.</doc>
<msg timestamp="20230504 15:54:15.224" level="INFO">Clicking element 'xpath=//div[@data-testid='Platforms-dropdown-icon']//*[name()='svg']'.</msg>
<status status="PASS" starttime="20230504 15:54:15.224" endtime="20230504 15:54:15.275"/>
</kw>
<kw name="Click Element" library="SeleniumLibrary">
<arg>${FILTER_DROPDOWN_STATUS}</arg>
<doc>Click the element identified by ``locator``.</doc>
<msg timestamp="20230504 15:54:15.275" level="INFO">Clicking element 'xpath=//div[@data-testid='Status-dropdown-icon']//*[name()='svg']'.</msg>
<status status="PASS" starttime="20230504 15:54:15.275" endtime="20230504 15:54:15.319"/>
</kw>
<kw name="Get Element Count" library="SeleniumLibrary">
<var>${COUNT}</var>
<arg>class=vod-MuiIconButton-label</arg>
<doc>Returns the number of elements matching ``locator``.</doc>
<msg timestamp="20230504 15:54:15.332" level="INFO">${COUNT} = 8</msg>
<status status="PASS" starttime="20230504 15:54:15.319" endtime="20230504 15:54:15.332"/>
</kw>
<for flavor="IN RANGE">
<var>${i}</var>
<value>1</value>
<value>${COUNT}</value>
<iter>
<var name="${i}">1</var>
<kw name="Select Checkbox" library="SeleniumLibrary">
<arg>xpath=(//input[@type='checkbox'])[${i}]</arg>
<doc>Selects the checkbox identified by ``locator``.</doc>
<msg timestamp="20230504 15:54:15.333" level="INFO">Selecting checkbox 'xpath=(//input[@type='checkbox'])[1]'.</msg>
<status status="PASS" starttime="20230504 15:54:15.332" endtime="20230504 15:54:15.402"/>
</kw>
<status status="PASS" starttime="20230504 15:54:15.332" endtime="20230504 15:54:15.402"/>
</iter>
<iter>
<var name="${i}">2</var>
<kw name="Select Checkbox" library="SeleniumLibrary">
<arg>xpath=(//input[@type='checkbox'])[${i}]</arg>
<doc>Selects the checkbox identified by ``locator``.</doc>
<msg timestamp="20230504 15:54:15.403" level="INFO">Selecting checkbox 'xpath=(//input[@type='checkbox'])[2]'.</msg>
<status status="PASS" starttime="20230504 15:54:15.403" endtime="20230504 15:54:15.471"/>
</kw>
<status status="PASS" starttime="20230504 15:54:15.403" endtime="20230504 15:54:15.471"/>
</iter>
<iter>
<var name="${i}">3</var>
<kw name="Select Checkbox" library="SeleniumLibrary">
<arg>xpath=(//input[@type='checkbox'])[${i}]</arg>
<doc>Selects the checkbox identified by ``locator``.</doc>
<msg timestamp="20230504 15:54:15.472" level="INFO">Selecting checkbox 'xpath=(//input[@type='checkbox'])[3]'.</msg>
<status status="PASS" starttime="20230504 15:54:15.471" endtime="20230504 15:54:15.543"/>
</kw>
<status status="PASS" starttime="20230504 15:54:15.471" endtime="20230504 15:54:15.543"/>
</iter>
<iter>
<var name="${i}">4</var>
<kw name="Select Checkbox" library="SeleniumLibrary">
<arg>xpath=(//input[@type='checkbox'])[${i}]</arg>
<doc>Selects the checkbox identified by ``locator``.</doc>
<msg timestamp="20230504 15:54:15.544" level="INFO">Selecting checkbox 'xpath=(//input[@type='checkbox'])[4]'.</msg>
<status status="PASS" starttime="20230504 15:54:15.543" endtime="20230504 15:54:15.608"/>
</kw>
<status status="PASS" starttime="20230504 15:54:15.543" endtime="20230504 15:54:15.609"/>
</iter>
<iter>
<var name="${i}">5</var>
<kw name="Select Checkbox" library="SeleniumLibrary">
<arg>xpath=(//input[@type='checkbox'])[${i}]</arg>
<doc>Selects the checkbox identified by ``locator``.</doc>
<msg timestamp="20230504 15:54:15.610" level="INFO">Selecting checkbox 'xpath=(//input[@type='checkbox'])[5]'.</msg>
<status status="PASS" starttime="20230504 15:54:15.609" endtime="20230504 15:54:15.675"/>
</kw>
<status status="PASS" starttime="20230504 15:54:15.609" endtime="20230504 15:54:15.675"/>
</iter>
<iter>
<var name="${i}">6</var>
<kw name="Select Checkbox" library="SeleniumLibrary">
<arg>xpath=(//input[@type='checkbox'])[${i}]</arg>
<doc>Selects the checkbox identified by ``locator``.</doc>
<msg timestamp="20230504 15:54:15.675" level="INFO">Selecting checkbox 'xpath=(//input[@type='checkbox'])[6]'.</msg>
<status status="PASS" starttime="20230504 15:54:15.675" endtime="20230504 15:54:15.760"/>
</kw>
<status status="PASS" starttime="20230504 15:54:15.675" endtime="20230504 15:54:15.760"/>
</iter>
<iter>
<var name="${i}">7</var>
<kw name="Select Checkbox" library="SeleniumLibrary">
<arg>xpath=(//input[@type='checkbox'])[${i}]</arg>
<doc>Selects the checkbox identified by ``locator``.</doc>
<msg timestamp="20230504 15:54:15.762" level="INFO">Selecting checkbox 'xpath=(//input[@type='checkbox'])[7]'.</msg>
<status status="PASS" starttime="20230504 15:54:15.761" endtime="20230504 15:54:15.826"/>
</kw>
<status status="PASS" starttime="20230504 15:54:15.760" endtime="20230504 15:54:15.826"/>
</iter>
<status status="PASS" starttime="20230504 15:54:15.332" endtime="20230504 15:54:15.826"/>
</for>
<kw name="Click Button" library="SeleniumLibrary">
<arg>${FILTER_APPLY_BTN}</arg>
<doc>Clicks the button identified by ``locator``.</doc>
<msg timestamp="20230504 15:54:15.827" level="INFO">Clicking button 'APPLY'.</msg>
<status status="PASS" starttime="20230504 15:54:15.826" endtime="20230504 15:54:15.916"/>
</kw>
<kw name="Wait Until Page Contains" library="SeleniumLibrary">
<arg>${APPLIED_FILTERS_TXT}</arg>
<doc>Waits until ``text`` appears on the current page.</doc>
<status status="PASS" starttime="20230504 15:54:15.916" endtime="20230504 15:54:15.932"/>
</kw>
<kw name="Page Should Contain" library="SeleniumLibrary">
<arg>${APPLIED_FILTERS_TXT}</arg>
<doc>Verifies that current page contains ``text``.</doc>
<msg timestamp="20230504 15:54:15.941" level="INFO">Current page contains text 'Applied Filters :'.</msg>
<status status="PASS" starttime="20230504 15:54:15.932" endtime="20230504 15:54:15.942"/>
</kw>
<status status="PASS" starttime="20230504 15:54:15.164" endtime="20230504 15:54:15.942"/>
</kw>
<status status="PASS" starttime="20230504 15:54:15.052" endtime="20230504 15:54:15.942"/>
</kw>
<doc>Test Case 5</doc>
<tag>smoke</tag>
<status status="PASS" starttime="20230504 15:54:15.052" endtime="20230504 15:54:15.942"/>
</test>
<kw name="Close All Browsers" library="SeleniumLibrary" type="TEARDOWN">
<doc>Closes all open browsers and resets the browser cache.</doc>
<status status="PASS" starttime="20230504 15:54:15.943" endtime="20230504 15:54:16.004"/>
</kw>
<status status="PASS" starttime="20230504 15:53:46.819" endtime="20230504 15:54:16.004"/>
</suite>
<statistics>
<total>
<stat pass="4" fail="0" skip="0">All Tests</stat>
</total>
<tag>
<stat pass="4" fail="0" skip="0">smoke</stat>
</tag>
<suite>
<stat pass="4" fail="0" skip="0" id="s1" name="test AmagiNow vod">test AmagiNow vod</stat>
</suite>
</statistics>
<errors>
</errors>
</robot>
